10/04/2018 01:21:02 PM Reading bam file: /Users/tschafers/Test_data/CNN/BAM/G1_dedup.bam
10/04/2018 01:21:02 PM Createing IntervalTree...
10/04/2018 01:21:03 PM IntervalTree created.
10/04/2018 01:21:03 PM Processing Chr 17
10/04/2018 01:21:03 PM Fetching 190 reads in region 17:28071-28572
10/04/2018 01:21:03 PM Fetching 216 reads in region 17:29546-30047
10/04/2018 01:21:03 PM Fetching 204 reads in region 17:37551-38052
10/04/2018 01:21:03 PM Fetching 195 reads in region 17:38259-38760
10/04/2018 01:21:03 PM Fetching 209 reads in region 17:59072-59573
10/04/2018 01:21:03 PM Fetching 173 reads in region 17:60986-61487
10/04/2018 01:21:03 PM Fetching 190 reads in region 17:70749-71250
10/04/2018 01:21:03 PM Fetching 208 reads in region 17:73768-74269
10/04/2018 01:21:03 PM Fetching 215 reads in region 17:120019-120520
10/04/2018 01:21:03 PM Fetching 231 reads in region 17:121359-121860
10/04/2018 01:21:03 PM Fetching 220 reads in region 17:128032-128533
10/04/2018 01:21:03 PM Fetching 191 reads in region 17:131781-132282
10/04/2018 01:21:03 PM Fetching 203 reads in region 17:163174-163675
10/04/2018 01:21:03 PM Fetching 205 reads in region 17:163816-164317
10/04/2018 01:21:03 PM Fetching 210 reads in region 17:164157-164658
10/04/2018 01:21:03 PM Fetching 209 reads in region 17:165497-165998
10/04/2018 01:21:03 PM Fetching 190 reads in region 17:176467-176968
10/04/2018 01:21:03 PM Fetching 218 reads in region 17:177905-178406
10/04/2018 01:21:03 PM Fetching 228 reads in region 17:186813-187314
10/04/2018 01:21:03 PM Fetching 204 reads in region 17:188941-189442
10/04/2018 01:21:03 PM Fetching 213 reads in region 17:191097-191598
10/04/2018 01:21:03 PM Fetching 220 reads in region 17:194111-194612
10/04/2018 01:21:03 PM Fetching 210 reads in region 17:215090-215591
10/04/2018 01:21:03 PM Fetching 207 reads in region 17:217835-218336
10/04/2018 01:21:03 PM Fetching 210 reads in region 17:219235-219736
10/04/2018 01:21:03 PM Fetching 208 reads in region 17:221560-222061
10/04/2018 01:21:03 PM Fetching 184 reads in region 17:227093-227594
10/04/2018 01:21:03 PM Fetching 218 reads in region 17:229449-229950
10/04/2018 01:21:03 PM Fetching 191 reads in region 17:245503-246004
10/04/2018 01:21:03 PM Fetching 215 reads in region 17:246914-247415
10/04/2018 01:21:03 PM Fetching 191 reads in region 17:256875-257376
10/04/2018 01:21:03 PM Fetching 207 reads in region 17:258749-259250
10/04/2018 01:21:03 PM Fetching 217 reads in region 17:267944-268445
10/04/2018 01:21:03 PM Fetching 201 reads in region 17:272423-272924
10/04/2018 01:21:03 PM Fetching 186 reads in region 17:409777-410278
10/04/2018 01:21:03 PM Fetching 220 reads in region 17:411011-411512
10/04/2018 01:21:03 PM Fetching 194 reads in region 17:435749-436250
10/04/2018 01:21:04 PM Fetching 220 reads in region 17:439480-439981
10/04/2018 01:21:04 PM Fetching 199 reads in region 17:444918-445419
10/04/2018 01:21:04 PM Fetching 218 reads in region 17:446633-447134
10/04/2018 01:21:04 PM Fetching 206 reads in region 17:450502-451003
10/04/2018 01:21:04 PM Fetching 207 reads in region 17:452852-453353
10/04/2018 01:21:04 PM Fetching 188 reads in region 17:480152-480653
10/04/2018 01:21:04 PM Fetching 235 reads in region 17:482841-483342
10/04/2018 01:21:04 PM Fetching 173 reads in region 17:487240-487741
10/04/2018 01:21:04 PM Fetching 194 reads in region 17:490189-490690
10/04/2018 01:21:04 PM Fetching 192 reads in region 17:490402-490903
10/04/2018 01:21:04 PM Fetching 170 reads in region 17:491131-491632
10/04/2018 01:21:04 PM Fetching 193 reads in region 17:504914-505415
10/04/2018 01:21:04 PM Fetching 186 reads in region 17:505654-506155
10/04/2018 01:21:04 PM Fetching 171 reads in region 17:511072-511573
10/04/2018 01:21:04 PM Fetching 188 reads in region 17:511764-512265
10/04/2018 01:21:04 PM Fetching 181 reads in region 17:515072-515573
10/04/2018 01:21:04 PM Fetching 190 reads in region 17:518835-519336
10/04/2018 01:21:04 PM Fetching 184 reads in region 17:523470-523971
10/04/2018 01:21:04 PM Fetching 182 reads in region 17:528276-528777
10/04/2018 01:21:04 PM Fetching 188 reads in region 17:572392-572893
10/04/2018 01:21:04 PM Fetching 197 reads in region 17:575332-575833
10/04/2018 01:21:04 PM Fetching 197 reads in region 17:587741-588242
10/04/2018 01:21:04 PM Fetching 192 reads in region 17:589726-590227
10/04/2018 01:21:04 PM Fetching 220 reads in region 17:596160-596661
10/04/2018 01:21:04 PM Fetching 198 reads in region 17:596668-597169
10/04/2018 01:21:04 PM Fetching 223 reads in region 17:606171-606672
10/04/2018 01:21:04 PM Fetching 230 reads in region 17:607389-607890
10/04/2018 01:21:04 PM Fetching 223 reads in region 17:617742-618243
10/04/2018 01:21:04 PM Fetching 213 reads in region 17:622029-622530
10/04/2018 01:21:04 PM Fetching 210 reads in region 17:625805-626306
10/04/2018 01:21:04 PM Fetching 202 reads in region 17:628329-628830
10/04/2018 01:21:04 PM Fetching 208 reads in region 17:628561-629062
10/04/2018 01:21:04 PM Fetching 177 reads in region 17:631788-632289
10/04/2018 01:21:04 PM Fetching 216 reads in region 17:633112-633613
10/04/2018 01:21:04 PM Fetching 195 reads in region 17:634016-634517
10/04/2018 01:21:04 PM Fetching 198 reads in region 17:643969-644470
10/04/2018 01:21:04 PM Fetching 208 reads in region 17:648842-649343
10/04/2018 01:21:04 PM Fetching 237 reads in region 17:653155-653656
10/04/2018 01:21:04 PM Fetching 209 reads in region 17:654346-654847
10/04/2018 01:21:04 PM Fetching 198 reads in region 17:662205-662706
10/04/2018 01:21:04 PM Fetching 170 reads in region 17:664035-664536
10/04/2018 01:21:04 PM Fetching 195 reads in region 17:671473-671974
10/04/2018 01:21:04 PM Fetching 197 reads in region 17:674249-674750
10/04/2018 01:21:04 PM Fetching 221 reads in region 17:678033-678534
10/04/2018 01:21:04 PM Fetching 214 reads in region 17:682706-683207
10/04/2018 01:21:04 PM Fetching 207 reads in region 17:684485-684986
10/04/2018 01:21:04 PM Fetching 204 reads in region 17:685169-685670
10/04/2018 01:21:04 PM Fetching 190 reads in region 17:715613-716114
10/04/2018 01:21:04 PM Fetching 199 reads in region 17:716788-717289
10/04/2018 01:21:04 PM Fetching 170 reads in region 17:719570-720071
10/04/2018 01:21:05 PM Fetching 180 reads in region 17:722010-722511
10/04/2018 01:21:05 PM Fetching 213 reads in region 17:731515-732016
10/04/2018 01:21:05 PM Fetching 233 reads in region 17:732597-733098
10/04/2018 01:21:05 PM Fetching 215 reads in region 17:734881-735382
10/04/2018 01:21:05 PM Fetching 213 reads in region 17:738922-739423
10/04/2018 01:21:05 PM Fetching 214 reads in region 17:744220-744721
10/04/2018 01:21:05 PM Fetching 192 reads in region 17:744948-745449
10/04/2018 01:21:05 PM Fetching 237 reads in region 17:752790-753291
10/04/2018 01:21:05 PM Fetching 220 reads in region 17:755793-756294
10/04/2018 01:21:05 PM Fetching 182 reads in region 17:758962-759463
10/04/2018 01:21:05 PM Fetching 206 reads in region 17:762060-762561
10/04/2018 01:21:05 PM Fetching 220 reads in region 17:762381-762882
10/04/2018 01:21:05 PM Fetching 206 reads in region 17:766345-766846
10/04/2018 01:21:05 PM Fetching 192 reads in region 17:791953-792454
10/04/2018 01:21:05 PM Fetching 209 reads in region 17:796141-796642
10/04/2018 01:21:05 PM Fetching 200 reads in region 17:808136-808637
10/04/2018 01:21:05 PM Fetching 197 reads in region 17:808964-809465
10/04/2018 01:21:05 PM Fetching 193 reads in region 17:844993-845494
10/04/2018 01:21:05 PM Fetching 276 reads in region 17:849499-850000
10/04/2018 01:21:05 PM Fetching 222 reads in region 17:855099-855600
10/04/2018 01:21:05 PM Fetching 186 reads in region 17:856160-856661
10/04/2018 01:21:05 PM Fetching 191 reads in region 17:861334-861835
10/04/2018 01:21:05 PM Fetching 204 reads in region 17:865955-866456
10/04/2018 01:21:05 PM Fetching 193 reads in region 17:871441-871942
10/04/2018 01:21:05 PM Fetching 192 reads in region 17:872335-872836
10/04/2018 01:21:05 PM Fetching 204 reads in region 17:879934-880435
10/04/2018 01:21:05 PM Fetching 194 reads in region 17:882304-882805
10/04/2018 01:21:05 PM Fetching 184 reads in region 17:892335-892836
10/04/2018 01:21:05 PM Fetching 189 reads in region 17:893567-894068
10/04/2018 01:21:05 PM Fetching 220 reads in region 17:897139-897640
10/04/2018 01:21:05 PM Fetching 256 reads in region 17:898338-898839
10/04/2018 01:21:05 PM Fetching 216 reads in region 17:931538-932039
10/04/2018 01:21:05 PM Fetching 172 reads in region 17:933256-933757
10/04/2018 01:21:05 PM Fetching 168 reads in region 17:933371-933872
10/04/2018 01:21:05 PM Fetching 210 reads in region 17:936224-936725
10/04/2018 01:21:05 PM Fetching 218 reads in region 17:938881-939382
10/04/2018 01:21:05 PM Fetching 198 reads in region 17:943314-943815
10/04/2018 01:21:05 PM Fetching 217 reads in region 17:958553-959054
10/04/2018 01:21:05 PM Fetching 231 reads in region 17:961699-962200
10/04/2018 01:21:05 PM Fetching 207 reads in region 17:963140-963641
10/04/2018 01:21:05 PM Fetching 182 reads in region 17:966191-966692
10/04/2018 01:21:05 PM Fetching 208 reads in region 17:986674-987175
10/04/2018 01:21:05 PM Fetching 244 reads in region 17:991209-991710
10/04/2018 01:21:05 PM Fetching 214 reads in region 17:1035017-1035518
10/04/2018 01:21:05 PM Fetching 192 reads in region 17:1039569-1040070
10/04/2018 01:21:05 PM Fetching 183 reads in region 17:1054170-1054671
10/04/2018 01:21:05 PM Fetching 203 reads in region 17:1056385-1056886
10/04/2018 01:21:05 PM Fetching 223 reads in region 17:1063770-1064271
10/04/2018 01:21:05 PM Fetching 183 reads in region 17:1065532-1066033
10/04/2018 01:21:05 PM Fetching 209 reads in region 17:1084331-1084832
10/04/2018 01:21:05 PM Fetching 188 reads in region 17:1085484-1085985
10/04/2018 01:21:05 PM Fetching 160 reads in region 17:1096206-1096707
10/04/2018 01:21:06 PM Fetching 218 reads in region 17:1097148-1097649
10/04/2018 01:21:06 PM Fetching 198 reads in region 17:1122617-1123118
10/04/2018 01:21:06 PM Fetching 214 reads in region 17:1124749-1125250
10/04/2018 01:21:06 PM Fetching 193 reads in region 17:1129167-1129668
10/04/2018 01:21:06 PM Fetching 206 reads in region 17:1132258-1132759
10/04/2018 01:21:06 PM Fetching 201 reads in region 17:1140417-1140918
10/04/2018 01:21:06 PM Fetching 209 reads in region 17:1144006-1144507
10/04/2018 01:21:06 PM Fetching 240 reads in region 17:1153946-1154447
10/04/2018 01:21:06 PM Fetching 179 reads in region 17:1156072-1156573
10/04/2018 01:21:06 PM Fetching 212 reads in region 17:1158271-1158772
10/04/2018 01:21:06 PM Fetching 229 reads in region 17:1163166-1163667
10/04/2018 01:21:06 PM Fetching 211 reads in region 17:1165653-1166154
10/04/2018 01:21:06 PM Fetching 214 reads in region 17:1169351-1169852
10/04/2018 01:21:06 PM Fetching 199 reads in region 17:1181362-1181863
10/04/2018 01:21:06 PM Fetching 180 reads in region 17:1183249-1183750
10/04/2018 01:21:06 PM Fetching 187 reads in region 17:1186381-1186882
10/04/2018 01:21:06 PM Fetching 203 reads in region 17:1187344-1187845
10/04/2018 01:21:06 PM Fetching 221 reads in region 17:1200438-1200939
10/04/2018 01:21:06 PM Fetching 205 reads in region 17:1204848-1205349
10/04/2018 01:21:06 PM Fetching 241 reads in region 17:1209489-1209990
10/04/2018 01:21:06 PM Fetching 184 reads in region 17:1213131-1213632
10/04/2018 01:21:06 PM Fetching 214 reads in region 17:1218818-1219319
10/04/2018 01:21:06 PM Fetching 235 reads in region 17:1222808-1223309
10/04/2018 01:21:06 PM Fetching 209 reads in region 17:1233131-1233632
10/04/2018 01:21:06 PM Fetching 215 reads in region 17:1234542-1235043
10/04/2018 01:21:06 PM Fetching 201 reads in region 17:1240784-1241285
10/04/2018 01:21:06 PM Fetching 183 reads in region 17:1243605-1244106
10/04/2018 01:21:06 PM Fetching 236 reads in region 17:1279765-1280266
10/04/2018 01:21:06 PM Fetching 203 reads in region 17:1280896-1281397
10/04/2018 01:21:06 PM Fetching 215 reads in region 17:1284934-1285435
10/04/2018 01:21:06 PM Fetching 209 reads in region 17:1289076-1289577
10/04/2018 01:21:06 PM Fetching 180 reads in region 17:1291131-1291632
10/04/2018 01:21:06 PM Fetching 169 reads in region 17:1295056-1295557
10/04/2018 01:21:06 PM Fetching 190 reads in region 17:1295906-1296407
10/04/2018 01:21:06 PM Fetching 200 reads in region 17:1298958-1299459
10/04/2018 01:21:06 PM Fetching 215 reads in region 17:1300775-1301276
10/04/2018 01:21:06 PM Fetching 192 reads in region 17:1302447-1302948
10/04/2018 01:21:06 PM Fetching 193 reads in region 17:1341027-1341528
10/04/2018 01:21:06 PM Fetching 201 reads in region 17:1345004-1345505
10/04/2018 01:21:06 PM Fetching 199 reads in region 17:1346144-1346645
10/04/2018 01:21:06 PM Fetching 194 reads in region 17:1347249-1347750
10/04/2018 01:21:06 PM Fetching 192 reads in region 17:1378858-1379359
10/04/2018 01:21:06 PM Fetching 185 reads in region 17:1379924-1380425
10/04/2018 01:21:06 PM Fetching 216 reads in region 17:1385076-1385577
10/04/2018 01:21:06 PM Fetching 235 reads in region 17:1387689-1388190
10/04/2018 01:21:06 PM Fetching 193 reads in region 17:1399575-1400076
10/04/2018 01:21:06 PM Fetching 170 reads in region 17:1404270-1404771
10/04/2018 01:21:06 PM Fetching 203 reads in region 17:1410842-1411343
10/04/2018 01:21:06 PM Fetching 240 reads in region 17:1414766-1415267
10/04/2018 01:21:06 PM Fetching 207 reads in region 17:1426362-1426863
10/04/2018 01:21:06 PM Fetching 178 reads in region 17:1427062-1427563
10/04/2018 01:21:06 PM Fetching 257 reads in region 17:1427782-1428283
10/04/2018 01:21:06 PM Fetching 223 reads in region 17:1429034-1429535
10/04/2018 01:21:06 PM Fetching 204 reads in region 17:1430683-1431184
10/04/2018 01:21:06 PM Fetching 243 reads in region 17:1431221-1431722
10/04/2018 01:21:06 PM Fetching 197 reads in region 17:1434200-1434701
10/04/2018 01:21:06 PM Fetching 181 reads in region 17:1438808-1439309
10/04/2018 01:21:06 PM Fetching 225 reads in region 17:1448369-1448870
10/04/2018 01:21:06 PM Fetching 201 reads in region 17:1449417-1449918
10/04/2018 01:21:07 PM Fetching 218 reads in region 17:1449748-1450249
10/04/2018 01:21:07 PM Fetching 223 reads in region 17:1452232-1452733
10/04/2018 01:21:07 PM Fetching 231 reads in region 17:1464327-1464828
10/04/2018 01:21:07 PM Fetching 225 reads in region 17:1465485-1465986
10/04/2018 01:21:07 PM Fetching 191 reads in region 17:1468404-1468905
10/04/2018 01:21:07 PM Fetching 192 reads in region 17:1469221-1469722
10/04/2018 01:21:07 PM Fetching 202 reads in region 17:1480169-1480670
10/04/2018 01:21:07 PM Fetching 212 reads in region 17:1481537-1482038
10/04/2018 01:21:07 PM Fetching 207 reads in region 17:1501461-1501962
10/04/2018 01:21:07 PM Fetching 187 reads in region 17:1502435-1502936
10/04/2018 01:21:07 PM Fetching 222 reads in region 17:1515011-1515512
10/04/2018 01:21:07 PM Fetching 235 reads in region 17:1517033-1517534
10/04/2018 01:21:07 PM Fetching 198 reads in region 17:1523775-1524276
10/04/2018 01:21:07 PM Fetching 240 reads in region 17:1525091-1525592
10/04/2018 01:21:07 PM Fetching 220 reads in region 17:1548353-1548854
10/04/2018 01:21:07 PM Fetching 179 reads in region 17:1550463-1550964
10/04/2018 01:21:07 PM Fetching 208 reads in region 17:1556486-1556987
10/04/2018 01:21:07 PM Fetching 223 reads in region 17:1559640-1560141
10/04/2018 01:21:07 PM Fetching 190 reads in region 17:1571222-1571723
10/04/2018 01:21:07 PM Fetching 203 reads in region 17:1572776-1573277
10/04/2018 01:21:07 PM Fetching 177 reads in region 17:1580511-1581012
10/04/2018 01:21:07 PM Fetching 185 reads in region 17:1585430-1585931
10/04/2018 01:21:07 PM Fetching 201 reads in region 17:1588638-1589139
10/04/2018 01:21:07 PM Fetching 204 reads in region 17:1592777-1593278
10/04/2018 01:21:07 PM Fetching 202 reads in region 17:1617212-1617713
10/04/2018 01:21:07 PM Fetching 179 reads in region 17:1621427-1621928
10/04/2018 01:21:07 PM Fetching 212 reads in region 17:1625470-1625971
10/04/2018 01:21:07 PM Fetching 213 reads in region 17:1629044-1629545
10/04/2018 01:21:07 PM Fetching 201 reads in region 17:1640245-1640746
10/04/2018 01:21:07 PM Fetching 197 reads in region 17:1640927-1641428
10/04/2018 01:21:07 PM Fetching 187 reads in region 17:1651033-1651534
10/04/2018 01:21:07 PM Fetching 181 reads in region 17:1655997-1656498
10/04/2018 01:21:07 PM Fetching 202 reads in region 17:1669384-1669885
10/04/2018 01:21:07 PM Fetching 196 reads in region 17:1673228-1673729
10/04/2018 01:21:07 PM Fetching 199 reads in region 17:1686042-1686543
10/04/2018 01:21:07 PM Fetching 192 reads in region 17:1686673-1687174
10/04/2018 01:21:07 PM Fetching 178 reads in region 17:1698769-1699270
10/04/2018 01:21:07 PM Fetching 184 reads in region 17:1699648-1700149
10/04/2018 01:21:07 PM Fetching 202 reads in region 17:1704710-1705211
10/04/2018 01:21:07 PM Fetching 208 reads in region 17:1707714-1708215
10/04/2018 01:21:07 PM Fetching 200 reads in region 17:1726155-1726656
10/04/2018 01:21:07 PM Fetching 168 reads in region 17:1726731-1727232
10/04/2018 01:21:07 PM Fetching 190 reads in region 17:1736023-1736524
10/04/2018 01:21:08 PM Fetching 171 reads in region 17:1740112-1740613
10/04/2018 01:21:08 PM Fetching 224 reads in region 17:1748342-1748843
10/04/2018 01:21:08 PM Fetching 223 reads in region 17:1750663-1751164
10/04/2018 01:21:08 PM Fetching 176 reads in region 17:1782281-1782782
10/04/2018 01:21:08 PM Fetching 215 reads in region 17:1787047-1787548
10/04/2018 01:21:08 PM Fetching 215 reads in region 17:1808588-1809089
10/04/2018 01:21:08 PM Fetching 198 reads in region 17:1812380-1812881
10/04/2018 01:21:08 PM Fetching 214 reads in region 17:1827714-1828215
10/04/2018 01:21:08 PM Fetching 202 reads in region 17:1830580-1831081
10/04/2018 01:21:08 PM Fetching 220 reads in region 17:1837701-1838202
10/04/2018 01:21:08 PM Fetching 211 reads in region 17:1840452-1840953
10/04/2018 01:21:08 PM Fetching 176 reads in region 17:1842619-1843120
10/04/2018 01:21:08 PM Fetching 195 reads in region 17:1843726-1844227
10/04/2018 01:21:08 PM Fetching 208 reads in region 17:1886108-1886609
10/04/2018 01:21:08 PM Fetching 212 reads in region 17:1888371-1888872
10/04/2018 01:21:08 PM Fetching 233 reads in region 17:1888992-1889493
10/04/2018 01:21:08 PM Fetching 216 reads in region 17:1892261-1892762
10/04/2018 01:21:08 PM Fetching 172 reads in region 17:1908999-1909500
10/04/2018 01:21:08 PM Fetching 209 reads in region 17:1913318-1913819
10/04/2018 01:21:08 PM Fetching 194 reads in region 17:1927645-1928146
10/04/2018 01:21:08 PM Fetching 215 reads in region 17:1928743-1929244
10/04/2018 01:21:08 PM Fetching 228 reads in region 17:1949117-1949618
10/04/2018 01:21:08 PM Fetching 215 reads in region 17:1953123-1953624
10/04/2018 01:21:08 PM Fetching 178 reads in region 17:1982479-1982980
10/04/2018 01:21:08 PM Fetching 175 reads in region 17:1984296-1984797
10/04/2018 01:21:08 PM Fetching 207 reads in region 17:2009799-2010300
10/04/2018 01:21:08 PM Fetching 188 reads in region 17:2014111-2014612
10/04/2018 01:21:08 PM Fetching 205 reads in region 17:2019485-2019986
10/04/2018 01:21:08 PM Fetching 193 reads in region 17:2020380-2020881
10/04/2018 01:21:08 PM Fetching 191 reads in region 17:2024134-2024635
10/04/2018 01:21:08 PM Fetching 200 reads in region 17:2027023-2027524
10/04/2018 01:21:08 PM Fetching 207 reads in region 17:2040208-2040709
10/04/2018 01:21:08 PM Fetching 219 reads in region 17:2041970-2042471
10/04/2018 01:21:08 PM Fetching 218 reads in region 17:2067123-2067624
10/04/2018 01:21:08 PM Fetching 209 reads in region 17:2068846-2069347
10/04/2018 01:21:08 PM Fetching 194 reads in region 17:2081350-2081851
10/04/2018 01:21:08 PM Fetching 217 reads in region 17:2085323-2085824
10/04/2018 01:21:08 PM Fetching 199 reads in region 17:2091770-2092271
10/04/2018 01:21:08 PM Fetching 206 reads in region 17:2093421-2093922
10/04/2018 01:21:08 PM Fetching 207 reads in region 17:2106848-2107349
10/04/2018 01:21:08 PM Fetching 198 reads in region 17:2111466-2111967
10/04/2018 01:21:08 PM Fetching 199 reads in region 17:2127636-2128137
10/04/2018 01:21:08 PM Fetching 218 reads in region 17:2128277-2128778
10/04/2018 01:21:08 PM Fetching 211 reads in region 17:2148536-2149037
10/04/2018 01:21:08 PM Fetching 214 reads in region 17:2149124-2149625
10/04/2018 01:21:08 PM Fetching 221 reads in region 17:2149787-2150288
10/04/2018 01:21:08 PM Fetching 276 reads in region 17:2151044-2151545
10/04/2018 01:21:08 PM Fetching 199 reads in region 17:2157892-2158393
10/04/2018 01:21:08 PM Fetching 232 reads in region 17:2159124-2159625
10/04/2018 01:21:08 PM Fetching 177 reads in region 17:2160063-2160564
10/04/2018 01:21:08 PM Fetching 205 reads in region 17:2163153-2163654
10/04/2018 01:21:09 PM Fetching 217 reads in region 17:2183729-2184230
10/04/2018 01:21:09 PM Fetching 186 reads in region 17:2184351-2184852
10/04/2018 01:21:09 PM Fetching 200 reads in region 17:2193723-2194224
10/04/2018 01:21:09 PM Fetching 212 reads in region 17:2194337-2194838
10/04/2018 01:21:09 PM Fetching 232 reads in region 17:2196386-2196887
10/04/2018 01:21:09 PM Fetching 217 reads in region 17:2200397-2200898
10/04/2018 01:21:09 PM Fetching 193 reads in region 17:2203445-2203946
10/04/2018 01:21:09 PM Fetching 199 reads in region 17:2205771-2206272
10/04/2018 01:21:09 PM Fetching 207 reads in region 17:2211685-2212186
10/04/2018 01:21:09 PM Fetching 207 reads in region 17:2212675-2213176
10/04/2018 01:21:09 PM Fetching 223 reads in region 17:2241485-2241986
10/04/2018 01:21:09 PM Fetching 189 reads in region 17:2244316-2244817
10/04/2018 01:21:09 PM Fetching 210 reads in region 17:2260266-2260767
10/04/2018 01:21:09 PM Fetching 225 reads in region 17:2264169-2264670
10/04/2018 01:21:09 PM Fetching 196 reads in region 17:2267286-2267787
10/04/2018 01:21:09 PM Fetching 190 reads in region 17:2271259-2271760
10/04/2018 01:21:09 PM Fetching 235 reads in region 17:2310956-2311457
10/04/2018 01:21:09 PM Fetching 200 reads in region 17:2315896-2316397
10/04/2018 01:21:09 PM Fetching 184 reads in region 17:2317224-2317725
10/04/2018 01:21:09 PM Fetching 194 reads in region 17:2319628-2320129
10/04/2018 01:21:09 PM Fetching 235 reads in region 17:2320344-2320845
10/04/2018 01:21:09 PM Fetching 170 reads in region 17:2324156-2324657
10/04/2018 01:21:09 PM Fetching 172 reads in region 17:2327967-2328468
10/04/2018 01:21:09 PM Fetching 190 reads in region 17:2328644-2329145
10/04/2018 01:21:09 PM Fetching 196 reads in region 17:2329146-2329647
10/04/2018 01:21:09 PM Fetching 207 reads in region 17:2331711-2332212
10/04/2018 01:21:09 PM Fetching 210 reads in region 17:2342025-2342526
10/04/2018 01:21:09 PM Fetching 233 reads in region 17:2346745-2347246
10/04/2018 01:21:09 PM Fetching 219 reads in region 17:2352960-2353461
10/04/2018 01:21:09 PM Fetching 215 reads in region 17:2355533-2356034
10/04/2018 01:21:09 PM Fetching 210 reads in region 17:2358578-2359079
10/04/2018 01:21:09 PM Fetching 207 reads in region 17:2359609-2360110
10/04/2018 01:21:09 PM Fetching 200 reads in region 17:2365525-2366026
10/04/2018 01:21:09 PM Fetching 225 reads in region 17:2367876-2368377
10/04/2018 01:21:09 PM Fetching 205 reads in region 17:2376799-2377300
10/04/2018 01:21:09 PM Fetching 177 reads in region 17:2381576-2382077
10/04/2018 01:21:09 PM Fetching 229 reads in region 17:2395718-2396219
10/04/2018 01:21:09 PM Fetching 170 reads in region 17:2399548-2400049
10/04/2018 01:21:09 PM Fetching 180 reads in region 17:2408703-2409204
10/04/2018 01:21:09 PM Fetching 202 reads in region 17:2410058-2410559
10/04/2018 01:21:09 PM Fetching 196 reads in region 17:2423330-2423831
10/04/2018 01:21:09 PM Fetching 203 reads in region 17:2427624-2428125
10/04/2018 01:21:09 PM Fetching 186 reads in region 17:2444984-2445485
10/04/2018 01:21:09 PM Fetching 210 reads in region 17:2448407-2448908
10/04/2018 01:21:09 PM Fetching 188 reads in region 17:2449880-2450381
10/04/2018 01:21:09 PM Fetching 192 reads in region 17:2452426-2452927
10/04/2018 01:21:09 PM Fetching 197 reads in region 17:2456228-2456729
10/04/2018 01:21:09 PM Fetching 201 reads in region 17:2458178-2458679
10/04/2018 01:21:09 PM Fetching 191 reads in region 17:2466307-2466808
10/04/2018 01:21:09 PM Fetching 169 reads in region 17:2471116-2471617
10/04/2018 01:21:09 PM Fetching 204 reads in region 17:2478804-2479305
10/04/2018 01:21:09 PM Fetching 232 reads in region 17:2483072-2483573
10/04/2018 01:21:09 PM Fetching 194 reads in region 17:2484191-2484692
10/04/2018 01:21:09 PM Fetching 225 reads in region 17:2487075-2487576
10/04/2018 01:21:09 PM Fetching 204 reads in region 17:2493417-2493918
10/04/2018 01:21:09 PM Fetching 182 reads in region 17:2495122-2495623
10/04/2018 01:21:10 PM Fetching 177 reads in region 17:2500561-2501062
10/04/2018 01:21:10 PM Fetching 179 reads in region 17:2501209-2501710
10/04/2018 01:21:10 PM Fetching 216 reads in region 17:2552537-2553038
10/04/2018 01:21:10 PM Fetching 167 reads in region 17:2554146-2554647
10/04/2018 01:21:10 PM Fetching 226 reads in region 17:2557571-2558072
10/04/2018 01:21:10 PM Fetching 209 reads in region 17:2561447-2561948
10/04/2018 01:21:10 PM Fetching 207 reads in region 17:2592730-2593231
10/04/2018 01:21:10 PM Fetching 196 reads in region 17:2596405-2596906
10/04/2018 01:21:10 PM Fetching 208 reads in region 17:2599472-2599973
10/04/2018 01:21:10 PM Fetching 197 reads in region 17:2600229-2600730
10/04/2018 01:21:10 PM Fetching 198 reads in region 17:2636716-2637217
10/04/2018 01:21:10 PM Fetching 183 reads in region 17:2637752-2638253
10/04/2018 01:21:10 PM Fetching 170 reads in region 17:2641065-2641566
10/04/2018 01:21:10 PM Fetching 199 reads in region 17:2644856-2645357
10/04/2018 01:21:10 PM Fetching 165 reads in region 17:2649995-2650496
10/04/2018 01:21:10 PM Fetching 202 reads in region 17:2652238-2652739
10/04/2018 01:21:10 PM Fetching 205 reads in region 17:2659079-2659580
10/04/2018 01:21:10 PM Fetching 207 reads in region 17:2662407-2662908
10/04/2018 01:21:10 PM Fetching 221 reads in region 17:2672224-2672725
10/04/2018 01:21:10 PM Fetching 225 reads in region 17:2674762-2675263
10/04/2018 01:21:10 PM Fetching 199 reads in region 17:2682324-2682825
10/04/2018 01:21:10 PM Fetching 202 reads in region 17:2684848-2685349
10/04/2018 01:21:10 PM Fetching 200 reads in region 17:2685080-2685581
10/04/2018 01:21:10 PM Fetching 197 reads in region 17:2688884-2689385
10/04/2018 01:21:10 PM Fetching 233 reads in region 17:2696143-2696644
10/04/2018 01:21:10 PM Fetching 228 reads in region 17:2699303-2699804
10/04/2018 01:21:10 PM Fetching 204 reads in region 17:2713037-2713538
10/04/2018 01:21:10 PM Fetching 212 reads in region 17:2716726-2717227
10/04/2018 01:21:10 PM Fetching 206 reads in region 17:2731822-2732323
10/04/2018 01:21:10 PM Fetching 225 reads in region 17:2733160-2733661
10/04/2018 01:21:10 PM Fetching 195 reads in region 17:2745471-2745972
10/04/2018 01:21:10 PM Fetching 205 reads in region 17:2747748-2748249
10/04/2018 01:21:10 PM Fetching 248 reads in region 17:2759094-2759595
10/04/2018 01:21:10 PM Fetching 206 reads in region 17:2761947-2762448
10/04/2018 01:21:10 PM Fetching 212 reads in region 17:2806948-2807449
10/04/2018 01:21:10 PM Fetching 224 reads in region 17:2811604-2812105
10/04/2018 01:21:10 PM Fetching 169 reads in region 17:2812599-2813100
10/04/2018 01:21:10 PM Fetching 191 reads in region 17:2814609-2815110
10/04/2018 01:21:10 PM Fetching 181 reads in region 17:2826533-2827034
10/04/2018 01:21:10 PM Fetching 180 reads in region 17:2830853-2831354
10/04/2018 01:21:10 PM Fetching 183 reads in region 17:2869072-2869573
10/04/2018 01:21:10 PM Fetching 193 reads in region 17:2869753-2870254
10/04/2018 01:21:10 PM Fetching 184 reads in region 17:2870583-2871084
10/04/2018 01:21:10 PM Fetching 166 reads in region 17:2873145-2873646
10/04/2018 01:21:10 PM Fetching 213 reads in region 17:2884417-2884918
10/04/2018 01:21:10 PM Fetching 214 reads in region 17:2888180-2888681
10/04/2018 01:21:10 PM Fetching 210 reads in region 17:2895017-2895518
10/04/2018 01:21:10 PM Fetching 181 reads in region 17:2897497-2897998
10/04/2018 01:21:10 PM Fetching 211 reads in region 17:2906781-2907282
10/04/2018 01:21:11 PM Fetching 248 reads in region 17:2911172-2911673
10/04/2018 01:21:11 PM Fetching 174 reads in region 17:2920347-2920848
10/04/2018 01:21:11 PM Fetching 224 reads in region 17:2925208-2925709
10/04/2018 01:21:11 PM Fetching 200 reads in region 17:2940472-2940973
10/04/2018 01:21:11 PM Fetching 224 reads in region 17:2941101-2941602
10/04/2018 01:21:11 PM Fetching 218 reads in region 17:2957575-2958076
10/04/2018 01:21:11 PM Fetching 198 reads in region 17:2958723-2959224
10/04/2018 01:21:11 PM Fetching 215 reads in region 17:2960535-2961036
10/04/2018 01:21:11 PM Fetching 202 reads in region 17:2964245-2964746
10/04/2018 01:21:11 PM Fetching 238 reads in region 17:2993054-2993555
10/04/2018 01:21:11 PM Fetching 223 reads in region 17:2993580-2994081
10/04/2018 01:21:11 PM Fetching 174 reads in region 17:3004089-3004590
10/04/2018 01:21:11 PM Fetching 186 reads in region 17:3004594-3005095
10/04/2018 01:21:11 PM Fetching 176 reads in region 17:3033856-3034357
10/04/2018 01:21:11 PM Fetching 193 reads in region 17:3038260-3038761
10/04/2018 01:21:11 PM Fetching 172 reads in region 17:3053945-3054446
10/04/2018 01:21:11 PM Fetching 203 reads in region 17:3054901-3055402
10/04/2018 01:21:11 PM Fetching 178 reads in region 17:3061555-3062056
10/04/2018 01:21:11 PM Fetching 188 reads in region 17:3066384-3066885
10/04/2018 01:21:11 PM Fetching 205 reads in region 17:3069437-3069938
10/04/2018 01:21:11 PM Fetching 208 reads in region 17:3070884-3071385
