10/04/2018 01:21:33 PM Reading bam file: /Users/tschafers/Test_data/CNN/BAM/G1_dedup.bam
10/04/2018 01:21:33 PM Createing IntervalTree...
10/04/2018 01:21:34 PM IntervalTree created.
10/04/2018 01:21:34 PM Processing Chr 17
10/04/2018 01:21:34 PM Fetching 190 reads in region 17:28071-28572
10/04/2018 01:21:34 PM Fetching 216 reads in region 17:29546-30047
10/04/2018 01:21:34 PM Fetching 204 reads in region 17:37551-38052
10/04/2018 01:21:34 PM Fetching 195 reads in region 17:38259-38760
10/04/2018 01:21:34 PM Fetching 209 reads in region 17:59072-59573
10/04/2018 01:21:34 PM Fetching 173 reads in region 17:60986-61487
10/04/2018 01:21:34 PM Fetching 190 reads in region 17:70749-71250
10/04/2018 01:21:34 PM Fetching 208 reads in region 17:73768-74269
10/04/2018 01:21:34 PM Fetching 215 reads in region 17:120019-120520
10/04/2018 01:21:34 PM Fetching 231 reads in region 17:121359-121860
10/04/2018 01:21:34 PM Fetching 220 reads in region 17:128032-128533
10/04/2018 01:21:34 PM Fetching 191 reads in region 17:131781-132282
10/04/2018 01:21:34 PM Fetching 203 reads in region 17:163174-163675
10/04/2018 01:21:34 PM Fetching 205 reads in region 17:163816-164317
10/04/2018 01:21:34 PM Fetching 210 reads in region 17:164157-164658
10/04/2018 01:21:34 PM Fetching 209 reads in region 17:165497-165998
10/04/2018 01:21:34 PM Fetching 190 reads in region 17:176467-176968
10/04/2018 01:21:34 PM Fetching 218 reads in region 17:177905-178406
10/04/2018 01:21:34 PM Fetching 228 reads in region 17:186813-187314
10/04/2018 01:21:34 PM Fetching 204 reads in region 17:188941-189442
10/04/2018 01:21:34 PM Fetching 213 reads in region 17:191097-191598
10/04/2018 01:21:34 PM Fetching 220 reads in region 17:194111-194612
10/04/2018 01:21:34 PM Fetching 210 reads in region 17:215090-215591
10/04/2018 01:21:34 PM Fetching 207 reads in region 17:217835-218336
10/04/2018 01:21:34 PM Fetching 210 reads in region 17:219235-219736
10/04/2018 01:21:34 PM Fetching 208 reads in region 17:221560-222061
10/04/2018 01:21:34 PM Fetching 184 reads in region 17:227093-227594
10/04/2018 01:21:34 PM Fetching 218 reads in region 17:229449-229950
10/04/2018 01:21:35 PM Fetching 191 reads in region 17:245503-246004
10/04/2018 01:21:35 PM Fetching 215 reads in region 17:246914-247415
10/04/2018 01:21:35 PM Fetching 191 reads in region 17:256875-257376
10/04/2018 01:21:35 PM Fetching 207 reads in region 17:258749-259250
10/04/2018 01:21:35 PM Fetching 217 reads in region 17:267944-268445
10/04/2018 01:21:35 PM Fetching 201 reads in region 17:272423-272924
10/04/2018 01:21:35 PM Fetching 186 reads in region 17:409777-410278
10/04/2018 01:21:35 PM Fetching 220 reads in region 17:411011-411512
10/04/2018 01:21:35 PM Fetching 194 reads in region 17:435749-436250
10/04/2018 01:21:35 PM Fetching 220 reads in region 17:439480-439981
10/04/2018 01:21:35 PM Fetching 199 reads in region 17:444918-445419
10/04/2018 01:21:35 PM Fetching 218 reads in region 17:446633-447134
10/04/2018 01:21:35 PM Fetching 206 reads in region 17:450502-451003
10/04/2018 01:21:35 PM Fetching 207 reads in region 17:452852-453353
10/04/2018 01:21:35 PM Fetching 188 reads in region 17:480152-480653
10/04/2018 01:21:35 PM Fetching 235 reads in region 17:482841-483342
10/04/2018 01:21:35 PM Fetching 173 reads in region 17:487240-487741
10/04/2018 01:21:35 PM Fetching 194 reads in region 17:490189-490690
10/04/2018 01:21:35 PM Fetching 192 reads in region 17:490402-490903
10/04/2018 01:21:35 PM Fetching 170 reads in region 17:491131-491632
10/04/2018 01:21:35 PM Fetching 193 reads in region 17:504914-505415
10/04/2018 01:21:35 PM Fetching 186 reads in region 17:505654-506155
10/04/2018 01:21:35 PM Fetching 171 reads in region 17:511072-511573
10/04/2018 01:21:35 PM Fetching 188 reads in region 17:511764-512265
10/04/2018 01:21:35 PM Fetching 181 reads in region 17:515072-515573
10/04/2018 01:21:35 PM Fetching 190 reads in region 17:518835-519336
10/04/2018 01:21:35 PM Fetching 184 reads in region 17:523470-523971
10/04/2018 01:21:35 PM Fetching 182 reads in region 17:528276-528777
10/04/2018 01:21:35 PM Fetching 188 reads in region 17:572392-572893
10/04/2018 01:21:35 PM Fetching 197 reads in region 17:575332-575833
10/04/2018 01:21:35 PM Fetching 197 reads in region 17:587741-588242
10/04/2018 01:21:35 PM Fetching 192 reads in region 17:589726-590227
10/04/2018 01:21:35 PM Fetching 220 reads in region 17:596160-596661
10/04/2018 01:21:35 PM Fetching 198 reads in region 17:596668-597169
10/04/2018 01:21:35 PM Fetching 223 reads in region 17:606171-606672
10/04/2018 01:21:35 PM Fetching 230 reads in region 17:607389-607890
10/04/2018 01:21:35 PM Fetching 223 reads in region 17:617742-618243
10/04/2018 01:21:35 PM Fetching 213 reads in region 17:622029-622530
10/04/2018 01:21:35 PM Fetching 210 reads in region 17:625805-626306
10/04/2018 01:21:35 PM Fetching 202 reads in region 17:628329-628830
10/04/2018 01:21:35 PM Fetching 208 reads in region 17:628561-629062
10/04/2018 01:21:35 PM Fetching 177 reads in region 17:631788-632289
10/04/2018 01:21:35 PM Fetching 216 reads in region 17:633112-633613
10/04/2018 01:21:35 PM Fetching 195 reads in region 17:634016-634517
10/04/2018 01:21:35 PM Fetching 198 reads in region 17:643969-644470
10/04/2018 01:21:35 PM Fetching 208 reads in region 17:648842-649343
10/04/2018 01:21:35 PM Fetching 237 reads in region 17:653155-653656
10/04/2018 01:21:35 PM Fetching 209 reads in region 17:654346-654847
10/04/2018 01:21:35 PM Fetching 198 reads in region 17:662205-662706
10/04/2018 01:21:35 PM Fetching 170 reads in region 17:664035-664536
10/04/2018 01:21:35 PM Fetching 195 reads in region 17:671473-671974
10/04/2018 01:21:36 PM Fetching 197 reads in region 17:674249-674750
10/04/2018 01:21:36 PM Fetching 221 reads in region 17:678033-678534
10/04/2018 01:21:36 PM Fetching 214 reads in region 17:682706-683207
10/04/2018 01:21:36 PM Fetching 207 reads in region 17:684485-684986
10/04/2018 01:21:36 PM Fetching 204 reads in region 17:685169-685670
10/04/2018 01:21:36 PM Fetching 190 reads in region 17:715613-716114
10/04/2018 01:21:36 PM Fetching 199 reads in region 17:716788-717289
10/04/2018 01:21:36 PM Fetching 170 reads in region 17:719570-720071
10/04/2018 01:21:36 PM Fetching 180 reads in region 17:722010-722511
10/04/2018 01:21:36 PM Fetching 213 reads in region 17:731515-732016
10/04/2018 01:21:36 PM Fetching 233 reads in region 17:732597-733098
10/04/2018 01:21:36 PM Fetching 215 reads in region 17:734881-735382
10/04/2018 01:21:36 PM Fetching 213 reads in region 17:738922-739423
10/04/2018 01:21:36 PM Fetching 214 reads in region 17:744220-744721
10/04/2018 01:21:36 PM Fetching 192 reads in region 17:744948-745449
10/04/2018 01:21:36 PM Fetching 237 reads in region 17:752790-753291
10/04/2018 01:21:36 PM Fetching 220 reads in region 17:755793-756294
10/04/2018 01:21:36 PM Fetching 182 reads in region 17:758962-759463
10/04/2018 01:21:36 PM Fetching 206 reads in region 17:762060-762561
10/04/2018 01:21:36 PM Fetching 220 reads in region 17:762381-762882
10/04/2018 01:21:36 PM Fetching 206 reads in region 17:766345-766846
10/04/2018 01:21:36 PM Fetching 192 reads in region 17:791953-792454
10/04/2018 01:21:36 PM Fetching 209 reads in region 17:796141-796642
10/04/2018 01:21:36 PM Fetching 200 reads in region 17:808136-808637
10/04/2018 01:21:36 PM Fetching 197 reads in region 17:808964-809465
10/04/2018 01:21:36 PM Fetching 193 reads in region 17:844993-845494
10/04/2018 01:21:36 PM Fetching 276 reads in region 17:849499-850000
10/04/2018 01:21:36 PM Fetching 222 reads in region 17:855099-855600
10/04/2018 01:21:36 PM Fetching 186 reads in region 17:856160-856661
10/04/2018 01:21:36 PM Fetching 191 reads in region 17:861334-861835
10/04/2018 01:21:36 PM Fetching 204 reads in region 17:865955-866456
10/04/2018 01:21:36 PM Fetching 193 reads in region 17:871441-871942
10/04/2018 01:21:36 PM Fetching 192 reads in region 17:872335-872836
10/04/2018 01:21:36 PM Fetching 204 reads in region 17:879934-880435
10/04/2018 01:21:36 PM Fetching 194 reads in region 17:882304-882805
10/04/2018 01:21:36 PM Fetching 184 reads in region 17:892335-892836
10/04/2018 01:21:36 PM Fetching 189 reads in region 17:893567-894068
10/04/2018 01:21:36 PM Fetching 220 reads in region 17:897139-897640
10/04/2018 01:21:36 PM Fetching 256 reads in region 17:898338-898839
10/04/2018 01:21:36 PM Fetching 216 reads in region 17:931538-932039
10/04/2018 01:21:36 PM Fetching 172 reads in region 17:933256-933757
10/04/2018 01:21:36 PM Fetching 168 reads in region 17:933371-933872
10/04/2018 01:21:36 PM Fetching 210 reads in region 17:936224-936725
10/04/2018 01:21:36 PM Fetching 218 reads in region 17:938881-939382
10/04/2018 01:21:36 PM Fetching 198 reads in region 17:943314-943815
10/04/2018 01:21:36 PM Fetching 217 reads in region 17:958553-959054
10/04/2018 01:21:36 PM Fetching 231 reads in region 17:961699-962200
10/04/2018 01:21:36 PM Fetching 207 reads in region 17:963140-963641
10/04/2018 01:21:36 PM Fetching 182 reads in region 17:966191-966692
10/04/2018 01:21:36 PM Fetching 208 reads in region 17:986674-987175
10/04/2018 01:21:36 PM Fetching 244 reads in region 17:991209-991710
10/04/2018 01:21:36 PM Fetching 214 reads in region 17:1035017-1035518
10/04/2018 01:21:37 PM Fetching 192 reads in region 17:1039569-1040070
10/04/2018 01:21:37 PM Fetching 183 reads in region 17:1054170-1054671
10/04/2018 01:21:37 PM Fetching 203 reads in region 17:1056385-1056886
10/04/2018 01:21:37 PM Fetching 223 reads in region 17:1063770-1064271
10/04/2018 01:21:37 PM Fetching 183 reads in region 17:1065532-1066033
10/04/2018 01:21:37 PM Fetching 209 reads in region 17:1084331-1084832
10/04/2018 01:21:37 PM Fetching 188 reads in region 17:1085484-1085985
10/04/2018 01:21:37 PM Fetching 160 reads in region 17:1096206-1096707
10/04/2018 01:21:37 PM Fetching 218 reads in region 17:1097148-1097649
10/04/2018 01:21:37 PM Fetching 198 reads in region 17:1122617-1123118
10/04/2018 01:21:37 PM Fetching 214 reads in region 17:1124749-1125250
10/04/2018 01:21:37 PM Fetching 193 reads in region 17:1129167-1129668
10/04/2018 01:21:37 PM Fetching 206 reads in region 17:1132258-1132759
10/04/2018 01:21:37 PM Fetching 201 reads in region 17:1140417-1140918
10/04/2018 01:21:37 PM Fetching 209 reads in region 17:1144006-1144507
10/04/2018 01:21:37 PM Fetching 240 reads in region 17:1153946-1154447
10/04/2018 01:21:37 PM Fetching 179 reads in region 17:1156072-1156573
10/04/2018 01:21:37 PM Fetching 212 reads in region 17:1158271-1158772
10/04/2018 01:21:37 PM Fetching 229 reads in region 17:1163166-1163667
10/04/2018 01:21:37 PM Fetching 211 reads in region 17:1165653-1166154
10/04/2018 01:21:37 PM Fetching 214 reads in region 17:1169351-1169852
10/04/2018 01:21:37 PM Fetching 199 reads in region 17:1181362-1181863
10/04/2018 01:21:37 PM Fetching 180 reads in region 17:1183249-1183750
10/04/2018 01:21:37 PM Fetching 187 reads in region 17:1186381-1186882
10/04/2018 01:21:37 PM Fetching 203 reads in region 17:1187344-1187845
10/04/2018 01:21:37 PM Fetching 221 reads in region 17:1200438-1200939
10/04/2018 01:21:37 PM Fetching 205 reads in region 17:1204848-1205349
10/04/2018 01:21:37 PM Fetching 241 reads in region 17:1209489-1209990
10/04/2018 01:21:37 PM Fetching 184 reads in region 17:1213131-1213632
10/04/2018 01:21:37 PM Fetching 214 reads in region 17:1218818-1219319
10/04/2018 01:21:37 PM Fetching 235 reads in region 17:1222808-1223309
10/04/2018 01:21:37 PM Fetching 209 reads in region 17:1233131-1233632
10/04/2018 01:21:37 PM Fetching 215 reads in region 17:1234542-1235043
10/04/2018 01:21:37 PM Fetching 201 reads in region 17:1240784-1241285
10/04/2018 01:21:37 PM Fetching 183 reads in region 17:1243605-1244106
10/04/2018 01:21:37 PM Fetching 236 reads in region 17:1279765-1280266
10/04/2018 01:21:37 PM Fetching 203 reads in region 17:1280896-1281397
10/04/2018 01:21:37 PM Fetching 215 reads in region 17:1284934-1285435
10/04/2018 01:21:37 PM Fetching 209 reads in region 17:1289076-1289577
10/04/2018 01:21:37 PM Fetching 180 reads in region 17:1291131-1291632
10/04/2018 01:21:37 PM Fetching 169 reads in region 17:1295056-1295557
10/04/2018 01:21:37 PM Fetching 190 reads in region 17:1295906-1296407
10/04/2018 01:21:37 PM Fetching 200 reads in region 17:1298958-1299459
10/04/2018 01:21:37 PM Fetching 215 reads in region 17:1300775-1301276
10/04/2018 01:21:37 PM Fetching 192 reads in region 17:1302447-1302948
10/04/2018 01:21:37 PM Fetching 193 reads in region 17:1341027-1341528
10/04/2018 01:21:37 PM Fetching 201 reads in region 17:1345004-1345505
10/04/2018 01:21:37 PM Fetching 199 reads in region 17:1346144-1346645
10/04/2018 01:21:37 PM Fetching 194 reads in region 17:1347249-1347750
10/04/2018 01:21:37 PM Fetching 192 reads in region 17:1378858-1379359
10/04/2018 01:21:37 PM Fetching 185 reads in region 17:1379924-1380425
10/04/2018 01:21:37 PM Fetching 216 reads in region 17:1385076-1385577
10/04/2018 01:21:37 PM Fetching 235 reads in region 17:1387689-1388190
10/04/2018 01:21:37 PM Fetching 193 reads in region 17:1399575-1400076
10/04/2018 01:21:37 PM Fetching 170 reads in region 17:1404270-1404771
10/04/2018 01:21:37 PM Fetching 203 reads in region 17:1410842-1411343
10/04/2018 01:21:38 PM Fetching 240 reads in region 17:1414766-1415267
10/04/2018 01:21:38 PM Fetching 207 reads in region 17:1426362-1426863
10/04/2018 01:21:38 PM Fetching 178 reads in region 17:1427062-1427563
10/04/2018 01:21:38 PM Fetching 257 reads in region 17:1427782-1428283
10/04/2018 01:21:38 PM Fetching 223 reads in region 17:1429034-1429535
10/04/2018 01:21:38 PM Fetching 204 reads in region 17:1430683-1431184
10/04/2018 01:21:38 PM Fetching 243 reads in region 17:1431221-1431722
10/04/2018 01:21:38 PM Fetching 197 reads in region 17:1434200-1434701
10/04/2018 01:21:38 PM Fetching 181 reads in region 17:1438808-1439309
10/04/2018 01:21:38 PM Fetching 225 reads in region 17:1448369-1448870
10/04/2018 01:21:38 PM Fetching 201 reads in region 17:1449417-1449918
10/04/2018 01:21:38 PM Fetching 218 reads in region 17:1449748-1450249
10/04/2018 01:21:38 PM Fetching 223 reads in region 17:1452232-1452733
10/04/2018 01:21:38 PM Fetching 231 reads in region 17:1464327-1464828
10/04/2018 01:21:38 PM Fetching 225 reads in region 17:1465485-1465986
10/04/2018 01:21:38 PM Fetching 191 reads in region 17:1468404-1468905
10/04/2018 01:21:38 PM Fetching 192 reads in region 17:1469221-1469722
10/04/2018 01:21:38 PM Fetching 202 reads in region 17:1480169-1480670
10/04/2018 01:21:38 PM Fetching 212 reads in region 17:1481537-1482038
10/04/2018 01:21:38 PM Fetching 207 reads in region 17:1501461-1501962
10/04/2018 01:21:38 PM Fetching 187 reads in region 17:1502435-1502936
10/04/2018 01:21:38 PM Fetching 222 reads in region 17:1515011-1515512
10/04/2018 01:21:38 PM Fetching 235 reads in region 17:1517033-1517534
10/04/2018 01:21:38 PM Fetching 198 reads in region 17:1523775-1524276
10/04/2018 01:21:38 PM Fetching 240 reads in region 17:1525091-1525592
10/04/2018 01:21:38 PM Fetching 220 reads in region 17:1548353-1548854
10/04/2018 01:21:38 PM Fetching 179 reads in region 17:1550463-1550964
10/04/2018 01:21:38 PM Fetching 208 reads in region 17:1556486-1556987
10/04/2018 01:21:38 PM Fetching 223 reads in region 17:1559640-1560141
10/04/2018 01:21:38 PM Fetching 190 reads in region 17:1571222-1571723
10/04/2018 01:21:38 PM Fetching 203 reads in region 17:1572776-1573277
10/04/2018 01:21:38 PM Fetching 177 reads in region 17:1580511-1581012
10/04/2018 01:21:38 PM Fetching 185 reads in region 17:1585430-1585931
10/04/2018 01:21:38 PM Fetching 201 reads in region 17:1588638-1589139
10/04/2018 01:21:38 PM Fetching 204 reads in region 17:1592777-1593278
10/04/2018 01:21:38 PM Fetching 202 reads in region 17:1617212-1617713
10/04/2018 01:21:38 PM Fetching 179 reads in region 17:1621427-1621928
10/04/2018 01:21:38 PM Fetching 212 reads in region 17:1625470-1625971
10/04/2018 01:21:38 PM Fetching 213 reads in region 17:1629044-1629545
10/04/2018 01:21:38 PM Fetching 201 reads in region 17:1640245-1640746
10/04/2018 01:21:38 PM Fetching 197 reads in region 17:1640927-1641428
10/04/2018 01:21:38 PM Fetching 187 reads in region 17:1651033-1651534
10/04/2018 01:21:38 PM Fetching 181 reads in region 17:1655997-1656498
10/04/2018 01:21:38 PM Fetching 202 reads in region 17:1669384-1669885
10/04/2018 01:21:38 PM Fetching 196 reads in region 17:1673228-1673729
10/04/2018 01:21:38 PM Fetching 199 reads in region 17:1686042-1686543
10/04/2018 01:21:38 PM Fetching 192 reads in region 17:1686673-1687174
10/04/2018 01:21:38 PM Fetching 178 reads in region 17:1698769-1699270
10/04/2018 01:21:38 PM Fetching 184 reads in region 17:1699648-1700149
10/04/2018 01:21:38 PM Fetching 202 reads in region 17:1704710-1705211
10/04/2018 01:21:38 PM Fetching 208 reads in region 17:1707714-1708215
10/04/2018 01:21:38 PM Fetching 200 reads in region 17:1726155-1726656
10/04/2018 01:21:38 PM Fetching 168 reads in region 17:1726731-1727232
10/04/2018 01:21:38 PM Fetching 190 reads in region 17:1736023-1736524
10/04/2018 01:21:38 PM Fetching 171 reads in region 17:1740112-1740613
10/04/2018 01:21:39 PM Fetching 224 reads in region 17:1748342-1748843
10/04/2018 01:21:39 PM Fetching 223 reads in region 17:1750663-1751164
10/04/2018 01:21:39 PM Fetching 176 reads in region 17:1782281-1782782
10/04/2018 01:21:39 PM Fetching 215 reads in region 17:1787047-1787548
10/04/2018 01:21:39 PM Fetching 215 reads in region 17:1808588-1809089
10/04/2018 01:21:39 PM Fetching 198 reads in region 17:1812380-1812881
10/04/2018 01:21:39 PM Fetching 214 reads in region 17:1827714-1828215
10/04/2018 01:21:39 PM Fetching 202 reads in region 17:1830580-1831081
10/04/2018 01:21:39 PM Fetching 220 reads in region 17:1837701-1838202
10/04/2018 01:21:39 PM Fetching 211 reads in region 17:1840452-1840953
10/04/2018 01:21:39 PM Fetching 176 reads in region 17:1842619-1843120
10/04/2018 01:21:39 PM Fetching 195 reads in region 17:1843726-1844227
10/04/2018 01:21:39 PM Fetching 208 reads in region 17:1886108-1886609
10/04/2018 01:21:39 PM Fetching 212 reads in region 17:1888371-1888872
10/04/2018 01:21:39 PM Fetching 233 reads in region 17:1888992-1889493
10/04/2018 01:21:39 PM Fetching 216 reads in region 17:1892261-1892762
10/04/2018 01:21:39 PM Fetching 172 reads in region 17:1908999-1909500
10/04/2018 01:21:39 PM Fetching 209 reads in region 17:1913318-1913819
10/04/2018 01:21:39 PM Fetching 194 reads in region 17:1927645-1928146
10/04/2018 01:21:39 PM Fetching 215 reads in region 17:1928743-1929244
10/04/2018 01:21:39 PM Fetching 228 reads in region 17:1949117-1949618
10/04/2018 01:21:39 PM Fetching 215 reads in region 17:1953123-1953624
10/04/2018 01:21:39 PM Fetching 178 reads in region 17:1982479-1982980
10/04/2018 01:21:39 PM Fetching 175 reads in region 17:1984296-1984797
10/04/2018 01:21:39 PM Fetching 207 reads in region 17:2009799-2010300
10/04/2018 01:21:39 PM Fetching 188 reads in region 17:2014111-2014612
10/04/2018 01:21:39 PM Fetching 205 reads in region 17:2019485-2019986
10/04/2018 01:21:39 PM Fetching 193 reads in region 17:2020380-2020881
10/04/2018 01:21:39 PM Fetching 191 reads in region 17:2024134-2024635
10/04/2018 01:21:39 PM Fetching 200 reads in region 17:2027023-2027524
10/04/2018 01:21:39 PM Fetching 207 reads in region 17:2040208-2040709
10/04/2018 01:21:39 PM Fetching 219 reads in region 17:2041970-2042471
10/04/2018 01:21:39 PM Fetching 218 reads in region 17:2067123-2067624
10/04/2018 01:21:39 PM Fetching 209 reads in region 17:2068846-2069347
10/04/2018 01:21:39 PM Fetching 194 reads in region 17:2081350-2081851
10/04/2018 01:21:39 PM Fetching 217 reads in region 17:2085323-2085824
10/04/2018 01:21:39 PM Fetching 199 reads in region 17:2091770-2092271
10/04/2018 01:21:39 PM Fetching 206 reads in region 17:2093421-2093922
10/04/2018 01:21:39 PM Fetching 207 reads in region 17:2106848-2107349
10/04/2018 01:21:39 PM Fetching 198 reads in region 17:2111466-2111967
10/04/2018 01:21:39 PM Fetching 199 reads in region 17:2127636-2128137
10/04/2018 01:21:39 PM Fetching 218 reads in region 17:2128277-2128778
10/04/2018 01:21:39 PM Fetching 211 reads in region 17:2148536-2149037
10/04/2018 01:21:39 PM Fetching 214 reads in region 17:2149124-2149625
10/04/2018 01:21:39 PM Fetching 221 reads in region 17:2149787-2150288
10/04/2018 01:21:39 PM Fetching 276 reads in region 17:2151044-2151545
10/04/2018 01:21:39 PM Fetching 199 reads in region 17:2157892-2158393
10/04/2018 01:21:39 PM Fetching 232 reads in region 17:2159124-2159625
10/04/2018 01:21:39 PM Fetching 177 reads in region 17:2160063-2160564
10/04/2018 01:21:39 PM Fetching 205 reads in region 17:2163153-2163654
10/04/2018 01:21:39 PM Fetching 217 reads in region 17:2183729-2184230
10/04/2018 01:21:39 PM Fetching 186 reads in region 17:2184351-2184852
10/04/2018 01:21:39 PM Fetching 200 reads in region 17:2193723-2194224
10/04/2018 01:21:39 PM Fetching 212 reads in region 17:2194337-2194838
10/04/2018 01:21:40 PM Fetching 232 reads in region 17:2196386-2196887
10/04/2018 01:21:40 PM Fetching 217 reads in region 17:2200397-2200898
10/04/2018 01:21:40 PM Fetching 193 reads in region 17:2203445-2203946
10/04/2018 01:21:40 PM Fetching 199 reads in region 17:2205771-2206272
10/04/2018 01:21:40 PM Fetching 207 reads in region 17:2211685-2212186
10/04/2018 01:21:40 PM Fetching 207 reads in region 17:2212675-2213176
10/04/2018 01:21:40 PM Fetching 223 reads in region 17:2241485-2241986
10/04/2018 01:21:40 PM Fetching 189 reads in region 17:2244316-2244817
10/04/2018 01:21:40 PM Fetching 210 reads in region 17:2260266-2260767
10/04/2018 01:21:40 PM Fetching 225 reads in region 17:2264169-2264670
10/04/2018 01:21:40 PM Fetching 196 reads in region 17:2267286-2267787
10/04/2018 01:21:40 PM Fetching 190 reads in region 17:2271259-2271760
10/04/2018 01:21:40 PM Fetching 235 reads in region 17:2310956-2311457
10/04/2018 01:21:40 PM Fetching 200 reads in region 17:2315896-2316397
10/04/2018 01:21:40 PM Fetching 184 reads in region 17:2317224-2317725
10/04/2018 01:21:40 PM Fetching 194 reads in region 17:2319628-2320129
10/04/2018 01:21:40 PM Fetching 235 reads in region 17:2320344-2320845
10/04/2018 01:21:40 PM Fetching 170 reads in region 17:2324156-2324657
10/04/2018 01:21:40 PM Fetching 172 reads in region 17:2327967-2328468
10/04/2018 01:21:40 PM Fetching 190 reads in region 17:2328644-2329145
10/04/2018 01:21:40 PM Fetching 196 reads in region 17:2329146-2329647
10/04/2018 01:21:40 PM Fetching 207 reads in region 17:2331711-2332212
10/04/2018 01:21:40 PM Fetching 210 reads in region 17:2342025-2342526
10/04/2018 01:21:40 PM Fetching 233 reads in region 17:2346745-2347246
10/04/2018 01:21:40 PM Fetching 219 reads in region 17:2352960-2353461
10/04/2018 01:21:40 PM Fetching 215 reads in region 17:2355533-2356034
10/04/2018 01:21:40 PM Fetching 210 reads in region 17:2358578-2359079
10/04/2018 01:21:40 PM Fetching 207 reads in region 17:2359609-2360110
10/04/2018 01:21:40 PM Fetching 200 reads in region 17:2365525-2366026
10/04/2018 01:21:40 PM Fetching 225 reads in region 17:2367876-2368377
10/04/2018 01:21:40 PM Fetching 205 reads in region 17:2376799-2377300
10/04/2018 01:21:40 PM Fetching 177 reads in region 17:2381576-2382077
10/04/2018 01:21:40 PM Fetching 229 reads in region 17:2395718-2396219
10/04/2018 01:21:40 PM Fetching 170 reads in region 17:2399548-2400049
10/04/2018 01:21:40 PM Fetching 180 reads in region 17:2408703-2409204
10/04/2018 01:21:40 PM Fetching 202 reads in region 17:2410058-2410559
10/04/2018 01:21:40 PM Fetching 196 reads in region 17:2423330-2423831
10/04/2018 01:21:40 PM Fetching 203 reads in region 17:2427624-2428125
10/04/2018 01:21:40 PM Fetching 186 reads in region 17:2444984-2445485
10/04/2018 01:21:40 PM Fetching 210 reads in region 17:2448407-2448908
10/04/2018 01:21:40 PM Fetching 188 reads in region 17:2449880-2450381
10/04/2018 01:21:40 PM Fetching 192 reads in region 17:2452426-2452927
10/04/2018 01:21:40 PM Fetching 197 reads in region 17:2456228-2456729
10/04/2018 01:21:40 PM Fetching 201 reads in region 17:2458178-2458679
10/04/2018 01:21:40 PM Fetching 191 reads in region 17:2466307-2466808
10/04/2018 01:21:40 PM Fetching 169 reads in region 17:2471116-2471617
10/04/2018 01:21:40 PM Fetching 204 reads in region 17:2478804-2479305
10/04/2018 01:21:40 PM Fetching 232 reads in region 17:2483072-2483573
10/04/2018 01:21:40 PM Fetching 194 reads in region 17:2484191-2484692
10/04/2018 01:21:40 PM Fetching 225 reads in region 17:2487075-2487576
10/04/2018 01:21:40 PM Fetching 204 reads in region 17:2493417-2493918
10/04/2018 01:21:40 PM Fetching 182 reads in region 17:2495122-2495623
10/04/2018 01:21:40 PM Fetching 177 reads in region 17:2500561-2501062
10/04/2018 01:21:40 PM Fetching 179 reads in region 17:2501209-2501710
10/04/2018 01:21:40 PM Fetching 216 reads in region 17:2552537-2553038
10/04/2018 01:21:40 PM Fetching 167 reads in region 17:2554146-2554647
10/04/2018 01:21:40 PM Fetching 226 reads in region 17:2557571-2558072
10/04/2018 01:21:40 PM Fetching 209 reads in region 17:2561447-2561948
10/04/2018 01:21:40 PM Fetching 207 reads in region 17:2592730-2593231
10/04/2018 01:21:40 PM Fetching 196 reads in region 17:2596405-2596906
10/04/2018 01:21:41 PM Fetching 208 reads in region 17:2599472-2599973
10/04/2018 01:21:41 PM Fetching 197 reads in region 17:2600229-2600730
10/04/2018 01:21:41 PM Fetching 198 reads in region 17:2636716-2637217
10/04/2018 01:21:41 PM Fetching 183 reads in region 17:2637752-2638253
10/04/2018 01:21:41 PM Fetching 170 reads in region 17:2641065-2641566
10/04/2018 01:21:41 PM Fetching 199 reads in region 17:2644856-2645357
10/04/2018 01:21:41 PM Fetching 165 reads in region 17:2649995-2650496
10/04/2018 01:21:41 PM Fetching 202 reads in region 17:2652238-2652739
10/04/2018 01:21:41 PM Fetching 205 reads in region 17:2659079-2659580
10/04/2018 01:21:41 PM Fetching 207 reads in region 17:2662407-2662908
10/04/2018 01:21:41 PM Fetching 221 reads in region 17:2672224-2672725
10/04/2018 01:21:41 PM Fetching 225 reads in region 17:2674762-2675263
10/04/2018 01:21:41 PM Fetching 199 reads in region 17:2682324-2682825
10/04/2018 01:21:41 PM Fetching 202 reads in region 17:2684848-2685349
10/04/2018 01:21:41 PM Fetching 200 reads in region 17:2685080-2685581
10/04/2018 01:21:41 PM Fetching 197 reads in region 17:2688884-2689385
10/04/2018 01:21:41 PM Fetching 233 reads in region 17:2696143-2696644
10/04/2018 01:21:41 PM Fetching 228 reads in region 17:2699303-2699804
10/04/2018 01:21:41 PM Fetching 204 reads in region 17:2713037-2713538
10/04/2018 01:21:41 PM Fetching 212 reads in region 17:2716726-2717227
10/04/2018 01:21:41 PM Fetching 206 reads in region 17:2731822-2732323
10/04/2018 01:21:41 PM Fetching 225 reads in region 17:2733160-2733661
10/04/2018 01:21:41 PM Fetching 195 reads in region 17:2745471-2745972
10/04/2018 01:21:41 PM Fetching 205 reads in region 17:2747748-2748249
10/04/2018 01:21:41 PM Fetching 248 reads in region 17:2759094-2759595
10/04/2018 01:21:41 PM Fetching 206 reads in region 17:2761947-2762448
10/04/2018 01:21:41 PM Fetching 212 reads in region 17:2806948-2807449
10/04/2018 01:21:41 PM Fetching 224 reads in region 17:2811604-2812105
10/04/2018 01:21:41 PM Fetching 169 reads in region 17:2812599-2813100
10/04/2018 01:21:41 PM Fetching 191 reads in region 17:2814609-2815110
10/04/2018 01:21:41 PM Fetching 181 reads in region 17:2826533-2827034
10/04/2018 01:21:41 PM Fetching 180 reads in region 17:2830853-2831354
10/04/2018 01:21:41 PM Fetching 183 reads in region 17:2869072-2869573
10/04/2018 01:21:41 PM Fetching 193 reads in region 17:2869753-2870254
10/04/2018 01:21:41 PM Fetching 184 reads in region 17:2870583-2871084
10/04/2018 01:21:41 PM Fetching 166 reads in region 17:2873145-2873646
10/04/2018 01:21:41 PM Fetching 213 reads in region 17:2884417-2884918
10/04/2018 01:21:41 PM Fetching 214 reads in region 17:2888180-2888681
10/04/2018 01:21:41 PM Fetching 210 reads in region 17:2895017-2895518
10/04/2018 01:21:41 PM Fetching 181 reads in region 17:2897497-2897998
10/04/2018 01:21:41 PM Fetching 211 reads in region 17:2906781-2907282
10/04/2018 01:21:41 PM Fetching 248 reads in region 17:2911172-2911673
10/04/2018 01:21:41 PM Fetching 174 reads in region 17:2920347-2920848
10/04/2018 01:21:41 PM Fetching 224 reads in region 17:2925208-2925709
10/04/2018 01:21:41 PM Fetching 200 reads in region 17:2940472-2940973
10/04/2018 01:21:41 PM Fetching 224 reads in region 17:2941101-2941602
10/04/2018 01:21:41 PM Fetching 218 reads in region 17:2957575-2958076
10/04/2018 01:21:41 PM Fetching 198 reads in region 17:2958723-2959224
10/04/2018 01:21:41 PM Fetching 215 reads in region 17:2960535-2961036
10/04/2018 01:21:41 PM Fetching 202 reads in region 17:2964245-2964746
10/04/2018 01:21:41 PM Fetching 238 reads in region 17:2993054-2993555
10/04/2018 01:21:41 PM Fetching 223 reads in region 17:2993580-2994081
10/04/2018 01:21:42 PM Fetching 174 reads in region 17:3004089-3004590
10/04/2018 01:21:42 PM Fetching 186 reads in region 17:3004594-3005095
10/04/2018 01:21:42 PM Fetching 176 reads in region 17:3033856-3034357
10/04/2018 01:21:42 PM Fetching 193 reads in region 17:3038260-3038761
10/04/2018 01:21:42 PM Fetching 172 reads in region 17:3053945-3054446
10/04/2018 01:21:42 PM Fetching 203 reads in region 17:3054901-3055402
10/04/2018 01:21:42 PM Fetching 178 reads in region 17:3061555-3062056
10/04/2018 01:21:42 PM Fetching 188 reads in region 17:3066384-3066885
10/04/2018 01:21:42 PM Fetching 205 reads in region 17:3069437-3069938
10/04/2018 01:21:42 PM Fetching 208 reads in region 17:3070884-3071385
10/04/2018 01:21:42 PM Fetching 229 reads in region 17:3079473-3079974
10/04/2018 01:21:42 PM Fetching 212 reads in region 17:3081249-3081750
10/04/2018 01:21:42 PM Fetching 199 reads in region 17:3091443-3091944
10/04/2018 01:21:42 PM Fetching 228 reads in region 17:3095012-3095513
10/04/2018 01:21:42 PM Fetching 201 reads in region 17:3096251-3096752
10/04/2018 01:21:42 PM Fetching 212 reads in region 17:3097176-3097677
10/04/2018 01:21:42 PM Fetching 196 reads in region 17:3098020-3098521
10/04/2018 01:21:42 PM Fetching 190 reads in region 17:3101982-3102483
10/04/2018 01:21:42 PM Fetching 179 reads in region 17:3106139-3106640
10/04/2018 01:21:42 PM Fetching 212 reads in region 17:3110762-3111263
10/04/2018 01:21:42 PM Fetching 262 reads in region 17:3133581-3134082
10/04/2018 01:21:42 PM Fetching 249 reads in region 17:3134293-3134794
10/04/2018 01:21:42 PM Fetching 209 reads in region 17:3139060-3139561
10/04/2018 01:21:42 PM Fetching 206 reads in region 17:3139669-3140170
10/04/2018 01:21:42 PM Fetching 209 reads in region 17:3145804-3146305
10/04/2018 01:21:42 PM Fetching 174 reads in region 17:3148130-3148631
10/04/2018 01:21:42 PM Fetching 235 reads in region 17:3180581-3181082
10/04/2018 01:21:42 PM Fetching 203 reads in region 17:3181086-3181587
10/04/2018 01:21:42 PM Fetching 208 reads in region 17:3184368-3184869
10/04/2018 01:21:42 PM Fetching 180 reads in region 17:3186600-3187101
10/04/2018 01:21:42 PM Fetching 184 reads in region 17:3187663-3188164
10/04/2018 01:21:42 PM Fetching 193 reads in region 17:3192509-3193010
10/04/2018 01:21:42 PM Fetching 193 reads in region 17:3243759-3244260
10/04/2018 01:21:42 PM Fetching 178 reads in region 17:3244303-3244804
10/04/2018 01:21:42 PM Fetching 214 reads in region 17:3250960-3251461
10/04/2018 01:21:42 PM Fetching 147 reads in region 17:3254202-3254703
10/04/2018 01:21:42 PM Fetching 164 reads in region 17:3275520-3276021
10/04/2018 01:21:42 PM Fetching 224 reads in region 17:3277817-3278318
10/04/2018 01:21:42 PM Fetching 178 reads in region 17:3330729-3331230
10/04/2018 01:21:42 PM Fetching 221 reads in region 17:3331448-3331949
10/04/2018 01:21:42 PM Fetching 200 reads in region 17:3354683-3355184
10/04/2018 01:21:42 PM Fetching 198 reads in region 17:3357441-3357942
10/04/2018 01:21:42 PM Fetching 195 reads in region 17:3395962-3396463
10/04/2018 01:21:42 PM Fetching 184 reads in region 17:3397069-3397570
10/04/2018 01:21:42 PM Fetching 196 reads in region 17:3409799-3410300
10/04/2018 01:21:42 PM Fetching 224 reads in region 17:3414051-3414552
10/04/2018 01:21:42 PM Fetching 180 reads in region 17:3422779-3423280
10/04/2018 01:21:42 PM Fetching 190 reads in region 17:3424164-3424665
10/04/2018 01:21:42 PM Fetching 206 reads in region 17:3432791-3433292
10/04/2018 01:21:42 PM Fetching 175 reads in region 17:3436770-3437271
10/04/2018 01:21:42 PM Fetching 204 reads in region 17:3439190-3439691
10/04/2018 01:21:42 PM Fetching 191 reads in region 17:3440084-3440585
10/04/2018 01:21:42 PM Fetching 219 reads in region 17:3458090-3458591
10/04/2018 01:21:42 PM Fetching 183 reads in region 17:3460181-3460682
10/04/2018 01:21:42 PM Fetching 210 reads in region 17:3489995-3490496
10/04/2018 01:21:42 PM Fetching 206 reads in region 17:3493370-3493871
10/04/2018 01:21:42 PM Fetching 188 reads in region 17:3504636-3505137
10/04/2018 01:21:43 PM Fetching 212 reads in region 17:3509459-3509960
10/04/2018 01:21:43 PM Fetching 198 reads in region 17:3511955-3512456
10/04/2018 01:21:43 PM Fetching 195 reads in region 17:3514956-3515457
10/04/2018 01:21:43 PM Fetching 229 reads in region 17:3517359-3517860
10/04/2018 01:21:43 PM Fetching 198 reads in region 17:3521172-3521673
10/04/2018 01:21:43 PM Fetching 225 reads in region 17:3531293-3531794
10/04/2018 01:21:43 PM Fetching 218 reads in region 17:3535522-3536023
10/04/2018 01:21:43 PM Fetching 220 reads in region 17:3538771-3539272
10/04/2018 01:21:43 PM Fetching 230 reads in region 17:3540102-3540603
10/04/2018 01:21:43 PM Fetching 231 reads in region 17:3543354-3543855
10/04/2018 01:21:43 PM Fetching 222 reads in region 17:3543859-3544360
10/04/2018 01:21:43 PM Fetching 206 reads in region 17:3561358-3561859
10/04/2018 01:21:43 PM Fetching 234 reads in region 17:3565453-3565954
10/04/2018 01:21:43 PM Fetching 208 reads in region 17:3575768-3576269
10/04/2018 01:21:43 PM Fetching 232 reads in region 17:3577169-3577670
10/04/2018 01:21:43 PM Fetching 195 reads in region 17:3587585-3588086
10/04/2018 01:21:43 PM Fetching 201 reads in region 17:3590710-3591211
10/04/2018 01:21:43 PM Fetching 210 reads in region 17:3603879-3604380
10/04/2018 01:21:43 PM Fetching 205 reads in region 17:3608164-3608665
10/04/2018 01:21:43 PM Fetching 201 reads in region 17:3611644-3612145
10/04/2018 01:21:43 PM Fetching 205 reads in region 17:3612932-3613433
10/04/2018 01:21:43 PM Fetching 211 reads in region 17:3619167-3619668
10/04/2018 01:21:43 PM Fetching 190 reads in region 17:3620960-3621461
10/04/2018 01:21:43 PM Fetching 217 reads in region 17:3653395-3653896
10/04/2018 01:21:43 PM Fetching 180 reads in region 17:3653900-3654401
10/04/2018 01:21:43 PM Fetching 197 reads in region 17:3662361-3662862
10/04/2018 01:21:43 PM Fetching 171 reads in region 17:3663200-3663701
10/04/2018 01:21:43 PM Fetching 168 reads in region 17:3663328-3663829
10/04/2018 01:21:43 PM Fetching 214 reads in region 17:3664881-3665382
10/04/2018 01:21:43 PM Fetching 194 reads in region 17:3668285-3668786
10/04/2018 01:21:43 PM Fetching 200 reads in region 17:3671988-3672489
10/04/2018 01:21:43 PM Fetching 190 reads in region 17:3705482-3705983
10/04/2018 01:21:43 PM Fetching 204 reads in region 17:3706173-3706674
10/04/2018 01:21:43 PM Fetching 211 reads in region 17:3707945-3708446
10/04/2018 01:21:43 PM Fetching 250 reads in region 17:3709362-3709863
10/04/2018 01:21:43 PM Fetching 207 reads in region 17:3716814-3717315
10/04/2018 01:21:43 PM Fetching 236 reads in region 17:3718062-3718563
10/04/2018 01:21:43 PM Fetching 211 reads in region 17:3727389-3727890
10/04/2018 01:21:43 PM Fetching 216 reads in region 17:3728024-3728525
10/04/2018 01:21:43 PM Fetching 180 reads in region 17:3733142-3733643
10/04/2018 01:21:43 PM Fetching 216 reads in region 17:3735286-3735787
10/04/2018 01:21:43 PM Fetching 218 reads in region 17:3752268-3752769
10/04/2018 01:21:43 PM Fetching 212 reads in region 17:3757098-3757599
10/04/2018 01:21:43 PM Fetching 192 reads in region 17:3764118-3764619
10/04/2018 01:21:43 PM Fetching 211 reads in region 17:3767246-3767747
10/04/2018 01:21:43 PM Fetching 216 reads in region 17:3771673-3772174
10/04/2018 01:21:43 PM Fetching 205 reads in region 17:3775735-3776236
10/04/2018 01:21:43 PM Fetching 202 reads in region 17:3776510-3777011
10/04/2018 01:21:43 PM Fetching 178 reads in region 17:3778141-3778642
10/04/2018 01:21:43 PM Fetching 184 reads in region 17:3791865-3792366
10/04/2018 01:21:43 PM Fetching 220 reads in region 17:3795044-3795545
10/04/2018 01:21:43 PM Fetching 219 reads in region 17:3795395-3795896
10/04/2018 01:21:43 PM Fetching 185 reads in region 17:3796733-3797234
10/04/2018 01:21:44 PM Fetching 203 reads in region 17:3802160-3802661
10/04/2018 01:21:44 PM Fetching 180 reads in region 17:3805173-3805674
10/04/2018 01:21:44 PM Fetching 197 reads in region 17:3807795-3808296
10/04/2018 01:21:44 PM Fetching 200 reads in region 17:3810481-3810982
10/04/2018 01:21:44 PM Fetching 176 reads in region 17:3817346-3817847
10/04/2018 01:21:44 PM Fetching 206 reads in region 17:3819176-3819677
10/04/2018 01:21:44 PM Fetching 185 reads in region 17:3821065-3821566
10/04/2018 01:21:44 PM Fetching 199 reads in region 17:3823399-3823900
10/04/2018 01:21:44 PM Fetching 224 reads in region 17:3834907-3835408
10/04/2018 01:21:44 PM Fetching 192 reads in region 17:3838785-3839286
10/04/2018 01:21:44 PM Fetching 213 reads in region 17:3853610-3854111
10/04/2018 01:21:44 PM Fetching 231 reads in region 17:3855250-3855751
10/04/2018 01:21:44 PM Fetching 210 reads in region 17:3879456-3879957
10/04/2018 01:21:44 PM Fetching 215 reads in region 17:3882923-3883424
10/04/2018 01:21:44 PM Fetching 198 reads in region 17:3884188-3884689
10/04/2018 01:21:44 PM Fetching 203 reads in region 17:3887824-3888325
10/04/2018 01:21:44 PM Fetching 225 reads in region 17:3898866-3899367
10/04/2018 01:21:44 PM Fetching 230 reads in region 17:3903614-3904115
10/04/2018 01:21:44 PM Fetching 217 reads in region 17:3909463-3909964
10/04/2018 01:21:44 PM Fetching 204 reads in region 17:3913521-3914022
10/04/2018 01:21:44 PM Fetching 232 reads in region 17:3916063-3916564
10/04/2018 01:21:44 PM Fetching 165 reads in region 17:3920768-3921269
10/04/2018 01:21:44 PM Fetching 158 reads in region 17:3920883-3921384
10/04/2018 01:21:44 PM Fetching 203 reads in region 17:3923285-3923786
10/04/2018 01:21:44 PM Fetching 171 reads in region 17:3951330-3951831
10/04/2018 01:21:44 PM Fetching 182 reads in region 17:3955409-3955910
10/04/2018 01:21:44 PM Fetching 194 reads in region 17:3967434-3967935
10/04/2018 01:21:44 PM Fetching 188 reads in region 17:3968199-3968700
10/04/2018 01:21:44 PM Fetching 192 reads in region 17:3975910-3976411
10/04/2018 01:21:44 PM Fetching 183 reads in region 17:3977009-3977510
10/04/2018 01:21:44 PM Fetching 218 reads in region 17:3996035-3996536
10/04/2018 01:21:44 PM Fetching 222 reads in region 17:3999255-3999756
10/04/2018 01:21:44 PM Fetching 231 reads in region 17:4015303-4015804
10/04/2018 01:21:44 PM Fetching 266 reads in region 17:4018037-4018538
10/04/2018 01:21:44 PM Fetching 214 reads in region 17:4028566-4029067
10/04/2018 01:21:44 PM Fetching 164 reads in region 17:4032711-4033212
10/04/2018 01:21:44 PM Fetching 227 reads in region 17:4048992-4049493
10/04/2018 01:21:44 PM Fetching 209 reads in region 17:4053650-4054151
10/04/2018 01:21:44 PM Fetching 220 reads in region 17:4089761-4090262
10/04/2018 01:21:44 PM Fetching 206 reads in region 17:4093659-4094160
10/04/2018 01:21:44 PM Fetching 192 reads in region 17:4105488-4105989
10/04/2018 01:21:44 PM Fetching 194 reads in region 17:4108460-4108961
10/04/2018 01:21:44 PM Fetching 208 reads in region 17:4110328-4110829
10/04/2018 01:21:44 PM Fetching 218 reads in region 17:4111022-4111523
10/04/2018 01:21:44 PM Fetching 203 reads in region 17:4122698-4123199
10/04/2018 01:21:44 PM Fetching 208 reads in region 17:4124177-4124678
10/04/2018 01:21:44 PM Fetching 207 reads in region 17:4142876-4143377
10/04/2018 01:21:44 PM Fetching 227 reads in region 17:4144803-4145304
10/04/2018 01:21:44 PM Fetching 217 reads in region 17:4146985-4147486
10/04/2018 01:21:44 PM Fetching 197 reads in region 17:4150060-4150561
10/04/2018 01:21:44 PM Fetching 199 reads in region 17:4151685-4152186
10/04/2018 01:21:44 PM Fetching 201 reads in region 17:4154700-4155201
10/04/2018 01:21:44 PM Fetching 181 reads in region 17:4158573-4159074
10/04/2018 01:21:44 PM Fetching 189 reads in region 17:4159632-4160133
10/04/2018 01:21:44 PM Fetching 208 reads in region 17:4164847-4165348
10/04/2018 01:21:44 PM Fetching 202 reads in region 17:4169525-4170026
10/04/2018 01:21:45 PM Fetching 187 reads in region 17:4185299-4185800
10/04/2018 01:21:45 PM Fetching 213 reads in region 17:4186645-4187146
10/04/2018 01:21:45 PM Fetching 223 reads in region 17:4203989-4204490
10/04/2018 01:21:45 PM Fetching 200 reads in region 17:4208090-4208591
10/04/2018 01:21:45 PM Fetching 195 reads in region 17:4209341-4209842
10/04/2018 01:21:45 PM Fetching 108 reads in region 17:4210366-4210867
10/04/2018 01:21:45 PM Fetching 106 reads in region 17:4210377-4210878
10/04/2018 01:21:45 PM Fetching 197 reads in region 17:4213662-4214163
10/04/2018 01:21:45 PM Fetching 205 reads in region 17:4230170-4230671
10/04/2018 01:21:45 PM Fetching 231 reads in region 17:4231247-4231748
10/04/2018 01:21:45 PM Fetching 204 reads in region 17:4242531-4243032
10/04/2018 01:21:45 PM Fetching 168 reads in region 17:4244369-4244870
10/04/2018 01:21:45 PM Fetching 180 reads in region 17:4245989-4246490
10/04/2018 01:21:45 PM Fetching 236 reads in region 17:4250883-4251384
10/04/2018 01:21:45 PM Fetching 218 reads in region 17:4273680-4274181
10/04/2018 01:21:45 PM Fetching 203 reads in region 17:4276350-4276851
10/04/2018 01:21:45 PM Fetching 216 reads in region 17:4291287-4291788
10/04/2018 01:21:45 PM Fetching 206 reads in region 17:4291969-4292470
10/04/2018 01:21:45 PM Fetching 211 reads in region 17:4311884-4312385
10/04/2018 01:21:45 PM Fetching 213 reads in region 17:4312647-4313148
10/04/2018 01:21:45 PM Fetching 225 reads in region 17:4319025-4319526
10/04/2018 01:21:45 PM Fetching 198 reads in region 17:4323056-4323557
10/04/2018 01:21:45 PM Fetching 189 reads in region 17:4330455-4330956
10/04/2018 01:21:45 PM Fetching 206 reads in region 17:4331561-4332062
10/04/2018 01:21:45 PM Fetching 176 reads in region 17:4351228-4351729
10/04/2018 01:21:45 PM Fetching 229 reads in region 17:4354400-4354901
10/04/2018 01:21:45 PM Fetching 138 reads in region 17:4382136-4382637
10/04/2018 01:21:45 PM Fetching 213 reads in region 17:4387003-4387504
10/04/2018 01:21:45 PM Fetching 214 reads in region 17:4388430-4388931
10/04/2018 01:21:45 PM Fetching 196 reads in region 17:4389195-4389696
10/04/2018 01:21:45 PM Fetching 182 reads in region 17:4395883-4396384
10/04/2018 01:21:45 PM Fetching 233 reads in region 17:4398876-4399377
10/04/2018 01:21:45 PM Fetching 179 reads in region 17:4411212-4411713
10/04/2018 01:21:45 PM Fetching 203 reads in region 17:4412943-4413444
10/04/2018 01:21:45 PM Fetching 204 reads in region 17:4416667-4417168
10/04/2018 01:21:45 PM Fetching 271 reads in region 17:4421068-4421569
10/04/2018 01:21:45 PM Fetching 212 reads in region 17:4459680-4460181
10/04/2018 01:21:45 PM Fetching 246 reads in region 17:4463770-4464271
10/04/2018 01:21:45 PM Fetching 234 reads in region 17:4465406-4465907
10/04/2018 01:21:45 PM Fetching 232 reads in region 17:4469384-4469885
10/04/2018 01:21:45 PM Fetching 197 reads in region 17:4475460-4475961
10/04/2018 01:21:45 PM Fetching 243 reads in region 17:4478767-4479268
10/04/2018 01:21:45 PM Fetching 189 reads in region 17:4480375-4480876
10/04/2018 01:21:45 PM Fetching 198 reads in region 17:4483576-4484077
10/04/2018 01:21:45 PM Fetching 218 reads in region 17:4484620-4485121
10/04/2018 01:21:45 PM Fetching 227 reads in region 17:4486622-4487123
10/04/2018 01:21:45 PM Fetching 216 reads in region 17:4487024-4487525
10/04/2018 01:21:45 PM Fetching 186 reads in region 17:4489314-4489815
10/04/2018 01:21:45 PM Fetching 173 reads in region 17:4513557-4514058
10/04/2018 01:21:45 PM Fetching 197 reads in region 17:4515449-4515950
10/04/2018 01:21:46 PM Fetching 203 reads in region 17:4520597-4521098
10/04/2018 01:21:46 PM Fetching 167 reads in region 17:4522491-4522992
10/04/2018 01:21:46 PM Fetching 209 reads in region 17:4525311-4525812
10/04/2018 01:21:46 PM Fetching 213 reads in region 17:4527410-4527911
10/04/2018 01:21:46 PM Fetching 221 reads in region 17:4540733-4541234
10/04/2018 01:21:46 PM Fetching 205 reads in region 17:4542182-4542683
10/04/2018 01:21:46 PM Fetching 218 reads in region 17:4542523-4543024
10/04/2018 01:21:46 PM Fetching 199 reads in region 17:4544808-4545309
10/04/2018 01:21:46 PM Fetching 203 reads in region 17:4550358-4550859
10/04/2018 01:21:46 PM Fetching 250 reads in region 17:4553013-4553514
10/04/2018 01:21:46 PM Fetching 185 reads in region 17:4560286-4560787
10/04/2018 01:21:46 PM Fetching 192 reads in region 17:4564652-4565153
10/04/2018 01:21:46 PM Fetching 174 reads in region 17:4574791-4575292
10/04/2018 01:21:46 PM Fetching 205 reads in region 17:4576332-4576833
10/04/2018 01:21:46 PM Fetching 211 reads in region 17:4584149-4584650
10/04/2018 01:21:46 PM Fetching 208 reads in region 17:4585547-4586048
10/04/2018 01:21:46 PM Fetching 196 reads in region 17:4587135-4587636
10/04/2018 01:21:46 PM Fetching 177 reads in region 17:4588637-4589138
10/04/2018 01:21:46 PM Fetching 211 reads in region 17:4589271-4589772
10/04/2018 01:21:46 PM Fetching 181 reads in region 17:4592942-4593443
10/04/2018 01:21:46 PM Fetching 207 reads in region 17:4601541-4602042
10/04/2018 01:21:46 PM Fetching 182 reads in region 17:4605546-4606047
10/04/2018 01:21:46 PM Fetching 211 reads in region 17:4629158-4629659
10/04/2018 01:21:46 PM Fetching 197 reads in region 17:4629929-4630430
10/04/2018 01:21:46 PM Fetching 207 reads in region 17:4635520-4636021
10/04/2018 01:21:46 PM Fetching 197 reads in region 17:4637368-4637869
10/04/2018 01:21:46 PM Fetching 213 reads in region 17:4650129-4650630
10/04/2018 01:21:46 PM Fetching 222 reads in region 17:4651204-4651705
10/04/2018 01:21:46 PM Fetching 241 reads in region 17:4666455-4666956
10/04/2018 01:21:46 PM Fetching 188 reads in region 17:4667337-4667838
10/04/2018 01:21:46 PM Fetching 216 reads in region 17:4673484-4673985
10/04/2018 01:21:46 PM Fetching 197 reads in region 17:4676257-4676758
10/04/2018 01:21:46 PM Fetching 212 reads in region 17:4717919-4718420
10/04/2018 01:21:46 PM Fetching 183 reads in region 17:4718612-4719113
10/04/2018 01:21:46 PM Fetching 177 reads in region 17:4719182-4719683
10/04/2018 01:21:46 PM Fetching 217 reads in region 17:4721170-4721671
10/04/2018 01:21:46 PM Fetching 199 reads in region 17:4737889-4738390
10/04/2018 01:21:46 PM Fetching 254 reads in region 17:4739700-4740201
10/04/2018 01:21:46 PM Fetching 202 reads in region 17:4753348-4753849
10/04/2018 01:21:46 PM Fetching 220 reads in region 17:4754853-4755354
10/04/2018 01:21:46 PM Fetching 217 reads in region 17:4770497-4770998
10/04/2018 01:21:46 PM Fetching 200 reads in region 17:4772151-4772652
10/04/2018 01:21:46 PM Fetching 221 reads in region 17:4778952-4779453
10/04/2018 01:21:46 PM Fetching 210 reads in region 17:4780439-4780940
10/04/2018 01:21:46 PM Fetching 236 reads in region 17:4783854-4784355
10/04/2018 01:21:46 PM Fetching 226 reads in region 17:4786462-4786963
10/04/2018 01:21:46 PM Fetching 206 reads in region 17:4795274-4795775
10/04/2018 01:21:46 PM Fetching 208 reads in region 17:4799054-4799555
10/04/2018 01:21:46 PM Fetching 193 reads in region 17:4820622-4821123
10/04/2018 01:21:46 PM Fetching 204 reads in region 17:4822987-4823488
10/04/2018 01:21:46 PM Fetching 219 reads in region 17:4857438-4857939
10/04/2018 01:21:46 PM Fetching 241 reads in region 17:4859852-4860353
10/04/2018 01:21:47 PM Fetching 206 reads in region 17:4866293-4866794
10/04/2018 01:21:47 PM Fetching 219 reads in region 17:4870900-4871401
10/04/2018 01:21:47 PM Fetching 221 reads in region 17:4876629-4877130
10/04/2018 01:21:47 PM Fetching 198 reads in region 17:4880640-4881141
10/04/2018 01:21:47 PM Fetching 217 reads in region 17:4899371-4899872
10/04/2018 01:21:47 PM Fetching 197 reads in region 17:4900086-4900587
10/04/2018 01:21:47 PM Fetching 221 reads in region 17:4901001-4901502
10/04/2018 01:21:47 PM Fetching 202 reads in region 17:4903330-4903831
10/04/2018 01:21:47 PM Fetching 214 reads in region 17:4904930-4905431
10/04/2018 01:21:47 PM Fetching 212 reads in region 17:4908382-4908883
10/04/2018 01:21:47 PM Fetching 208 reads in region 17:4926138-4926639
10/04/2018 01:21:47 PM Fetching 219 reads in region 17:4928357-4928858
10/04/2018 01:21:47 PM Fetching 193 reads in region 17:4935474-4935975
10/04/2018 01:21:47 PM Fetching 183 reads in region 17:4938909-4939410
10/04/2018 01:21:47 PM Fetching 205 reads in region 17:4960317-4960818
10/04/2018 01:21:47 PM Fetching 191 reads in region 17:4961652-4962153
10/04/2018 01:21:47 PM Fetching 182 reads in region 17:4969850-4970351
10/04/2018 01:21:47 PM Fetching 246 reads in region 17:4972835-4973336
10/04/2018 01:21:47 PM Fetching 219 reads in region 17:4981971-4982472
10/04/2018 01:21:47 PM Fetching 182 reads in region 17:4984041-4984542
10/04/2018 01:21:47 PM Fetching 205 reads in region 17:4995884-4996385
10/04/2018 01:21:47 PM Fetching 197 reads in region 17:4999210-4999711
10/04/2018 01:21:47 PM Fetching 197 reads in region 17:5029032-5029533
10/04/2018 01:21:47 PM Fetching 202 reads in region 17:5029609-5030110
10/04/2018 01:21:47 PM Fetching 202 reads in region 17:5081484-5081985
10/04/2018 01:21:47 PM Fetching 184 reads in region 17:5085627-5086128
10/04/2018 01:21:47 PM Fetching 181 reads in region 17:5099506-5100007
10/04/2018 01:21:47 PM Fetching 211 reads in region 17:5103348-5103849
10/04/2018 01:21:47 PM Fetching 216 reads in region 17:5112614-5113115
10/04/2018 01:21:47 PM Fetching 208 reads in region 17:5113434-5113935
10/04/2018 01:21:47 PM Fetching 184 reads in region 17:5116359-5116860
10/04/2018 01:21:47 PM Fetching 195 reads in region 17:5116870-5117371
10/04/2018 01:21:47 PM Fetching 190 reads in region 17:5120891-5121392
10/04/2018 01:21:47 PM Fetching 163 reads in region 17:5125357-5125858
10/04/2018 01:21:47 PM Fetching 165 reads in region 17:5125635-5126136
10/04/2018 01:21:47 PM Fetching 185 reads in region 17:5129758-5130259
10/04/2018 01:21:47 PM Fetching 209 reads in region 17:5130665-5131166
10/04/2018 01:21:47 PM Fetching 202 reads in region 17:5134920-5135421
10/04/2018 01:21:47 PM Fetching 171 reads in region 17:5148267-5148768
10/04/2018 01:21:47 PM Fetching 192 reads in region 17:5149282-5149783
10/04/2018 01:21:47 PM Fetching 196 reads in region 17:5158758-5159259
10/04/2018 01:21:47 PM Fetching 202 reads in region 17:5159362-5159863
10/04/2018 01:21:47 PM Fetching 207 reads in region 17:5187249-5187750
10/04/2018 01:21:47 PM Fetching 220 reads in region 17:5188235-5188736
10/04/2018 01:21:47 PM Fetching 225 reads in region 17:5201228-5201729
10/04/2018 01:21:47 PM Fetching 222 reads in region 17:5205761-5206262
10/04/2018 01:21:47 PM Fetching 172 reads in region 17:5217046-5217547
10/04/2018 01:21:47 PM Fetching 178 reads in region 17:5219910-5220411
10/04/2018 01:21:47 PM Fetching 200 reads in region 17:5224640-5225141
10/04/2018 01:21:47 PM Fetching 218 reads in region 17:5226714-5227215
10/04/2018 01:21:47 PM Fetching 190 reads in region 17:5227310-5227811
10/04/2018 01:21:47 PM Fetching 191 reads in region 17:5227887-5228388
10/04/2018 01:21:47 PM Fetching 175 reads in region 17:5228238-5228739
10/04/2018 01:21:47 PM Fetching 194 reads in region 17:5231385-5231886
10/04/2018 01:21:47 PM Fetching 220 reads in region 17:5234015-5234516
10/04/2018 01:21:47 PM Fetching 191 reads in region 17:5237979-5238480
10/04/2018 01:21:47 PM Fetching 197 reads in region 17:5262212-5262713
10/04/2018 01:21:48 PM Fetching 253 reads in region 17:5264350-5264851
10/04/2018 01:21:48 PM Fetching 199 reads in region 17:5268558-5269059
10/04/2018 01:21:48 PM Fetching 174 reads in region 17:5272089-5272590
10/04/2018 01:21:48 PM Fetching 176 reads in region 17:5298913-5299414
10/04/2018 01:21:48 PM Fetching 200 reads in region 17:5303513-5304014
10/04/2018 01:21:48 PM Fetching 169 reads in region 17:5304506-5305007
10/04/2018 01:21:48 PM Fetching 207 reads in region 17:5308211-5308712
10/04/2018 01:21:48 PM Fetching 190 reads in region 17:5308808-5309309
10/04/2018 01:21:48 PM Fetching 187 reads in region 17:5310724-5311225
10/04/2018 01:21:48 PM Fetching 246 reads in region 17:5314090-5314591
10/04/2018 01:21:48 PM Fetching 194 reads in region 17:5317213-5317714
10/04/2018 01:21:48 PM Fetching 193 reads in region 17:5319070-5319571
10/04/2018 01:21:48 PM Fetching 193 reads in region 17:5323343-5323844
10/04/2018 01:21:48 PM Fetching 235 reads in region 17:5326142-5326643
10/04/2018 01:21:48 PM Fetching 208 reads in region 17:5326749-5327250
10/04/2018 01:21:48 PM Fetching 183 reads in region 17:5355000-5355501
10/04/2018 01:21:48 PM Fetching 189 reads in region 17:5358139-5358640
10/04/2018 01:21:48 PM Fetching 199 reads in region 17:5360559-5361060
10/04/2018 01:21:48 PM Fetching 190 reads in region 17:5364140-5364641
10/04/2018 01:21:48 PM Fetching 203 reads in region 17:5371921-5372422
10/04/2018 01:21:48 PM Fetching 189 reads in region 17:5373871-5374372
10/04/2018 01:21:48 PM Fetching 219 reads in region 17:5375151-5375652
10/04/2018 01:21:48 PM Fetching 222 reads in region 17:5375863-5376364
10/04/2018 01:21:48 PM Fetching 220 reads in region 17:5388260-5388761
10/04/2018 01:21:48 PM Fetching 209 reads in region 17:5388951-5389452
10/04/2018 01:21:48 PM Fetching 184 reads in region 17:5400831-5401332
10/04/2018 01:21:48 PM Fetching 178 reads in region 17:5401812-5402313
10/04/2018 01:21:48 PM Fetching 215 reads in region 17:5412125-5412626
10/04/2018 01:21:48 PM Fetching 260 reads in region 17:5413143-5413644
10/04/2018 01:21:48 PM Fetching 204 reads in region 17:5431359-5431860
10/04/2018 01:21:48 PM Fetching 206 reads in region 17:5433939-5434440
10/04/2018 01:21:48 PM Fetching 229 reads in region 17:5435705-5436206
10/04/2018 01:21:48 PM Fetching 223 reads in region 17:5436631-5437132
10/04/2018 01:21:48 PM Fetching 197 reads in region 17:5441840-5442341
10/04/2018 01:21:48 PM Fetching 212 reads in region 17:5445838-5446339
10/04/2018 01:21:48 PM Fetching 214 reads in region 17:5446418-5446919
10/04/2018 01:21:48 PM Fetching 185 reads in region 17:5447548-5448049
10/04/2018 01:21:48 PM Fetching 186 reads in region 17:5456555-5457056
10/04/2018 01:21:48 PM Fetching 200 reads in region 17:5460220-5460721
10/04/2018 01:21:48 PM Fetching 197 reads in region 17:5481222-5481723
10/04/2018 01:21:48 PM Fetching 224 reads in region 17:5483846-5484347
10/04/2018 01:21:48 PM Fetching 183 reads in region 17:5501137-5501638
10/04/2018 01:21:48 PM Fetching 183 reads in region 17:5504032-5504533
10/04/2018 01:21:48 PM Fetching 177 reads in region 17:5507718-5508219
10/04/2018 01:21:48 PM Fetching 218 reads in region 17:5510272-5510773
10/04/2018 01:21:48 PM Fetching 201 reads in region 17:5514341-5514842
10/04/2018 01:21:48 PM Fetching 179 reads in region 17:5515674-5516175
10/04/2018 01:21:48 PM Fetching 201 reads in region 17:5531963-5532464
10/04/2018 01:21:49 PM Fetching 201 reads in region 17:5533867-5534368
10/04/2018 01:21:49 PM Fetching 182 reads in region 17:5545539-5546040
10/04/2018 01:21:49 PM Fetching 204 reads in region 17:5549092-5549593
10/04/2018 01:21:49 PM Fetching 203 reads in region 17:5561369-5561870
10/04/2018 01:21:49 PM Fetching 172 reads in region 17:5563399-5563900
10/04/2018 01:21:49 PM Fetching 208 reads in region 17:5565640-5566141
10/04/2018 01:21:49 PM Fetching 203 reads in region 17:5569323-5569824
10/04/2018 01:21:49 PM Fetching 227 reads in region 17:5596155-5596656
10/04/2018 01:21:49 PM Fetching 179 reads in region 17:5601045-5601546
10/04/2018 01:21:49 PM Fetching 198 reads in region 17:5604486-5604987
10/04/2018 01:21:49 PM Fetching 239 reads in region 17:5605978-5606479
10/04/2018 01:21:49 PM Fetching 210 reads in region 17:5614650-5615151
10/04/2018 01:21:49 PM Fetching 240 reads in region 17:5616240-5616741
10/04/2018 01:21:49 PM Fetching 209 reads in region 17:5633670-5634171
10/04/2018 01:21:49 PM Fetching 204 reads in region 17:5635343-5635844
10/04/2018 01:21:49 PM Fetching 184 reads in region 17:5649066-5649567
10/04/2018 01:21:49 PM Fetching 192 reads in region 17:5650027-5650528
10/04/2018 01:21:49 PM Fetching 205 reads in region 17:5653234-5653735
10/04/2018 01:21:49 PM Fetching 185 reads in region 17:5656991-5657492
10/04/2018 01:21:49 PM Fetching 223 reads in region 17:5661671-5662172
10/04/2018 01:21:49 PM Fetching 205 reads in region 17:5662876-5663377
10/04/2018 01:21:49 PM Fetching 198 reads in region 17:5677365-5677866
10/04/2018 01:21:49 PM Fetching 217 reads in region 17:5681512-5682013
10/04/2018 01:21:49 PM Fetching 213 reads in region 17:5684295-5684796
10/04/2018 01:21:49 PM Fetching 203 reads in region 17:5688140-5688641
10/04/2018 01:21:49 PM Fetching 237 reads in region 17:5688987-5689488
10/04/2018 01:21:49 PM Fetching 172 reads in region 17:5689717-5690218
10/04/2018 01:21:49 PM Fetching 193 reads in region 17:5706285-5706786
10/04/2018 01:21:49 PM Fetching 187 reads in region 17:5710328-5710829
10/04/2018 01:21:49 PM Fetching 216 reads in region 17:5721249-5721750
10/04/2018 01:21:49 PM Fetching 196 reads in region 17:5725640-5726141
10/04/2018 01:21:49 PM Fetching 203 reads in region 17:5779982-5780483
10/04/2018 01:21:49 PM Fetching 205 reads in region 17:5781445-5781946
10/04/2018 01:21:49 PM Fetching 212 reads in region 17:5781772-5782273
10/04/2018 01:21:49 PM Fetching 215 reads in region 17:5782347-5782848
10/04/2018 01:21:49 PM Fetching 191 reads in region 17:5806728-5807229
10/04/2018 01:21:49 PM Fetching 194 reads in region 17:5808919-5809420
10/04/2018 01:21:49 PM Fetching 209 reads in region 17:5822057-5822558
10/04/2018 01:21:49 PM Fetching 170 reads in region 17:5826267-5826768
10/04/2018 01:21:49 PM Fetching 224 reads in region 17:5846432-5846933
10/04/2018 01:21:49 PM Fetching 243 reads in region 17:5849117-5849618
10/04/2018 01:21:49 PM Fetching 191 reads in region 17:5865314-5865815
10/04/2018 01:21:49 PM Fetching 183 reads in region 17:5870221-5870722
10/04/2018 01:21:49 PM Fetching 208 reads in region 17:5884674-5885175
10/04/2018 01:21:49 PM Fetching 191 reads in region 17:5887006-5887507
10/04/2018 01:21:50 PM Fetching 207 reads in region 17:5910936-5911437
10/04/2018 01:21:50 PM Fetching 206 reads in region 17:5912179-5912680
10/04/2018 01:21:50 PM Fetching 226 reads in region 17:5914955-5915456
10/04/2018 01:21:50 PM Fetching 215 reads in region 17:5917035-5917536
10/04/2018 01:21:50 PM Fetching 185 reads in region 17:5928587-5929088
10/04/2018 01:21:50 PM Fetching 194 reads in region 17:5930351-5930852
10/04/2018 01:21:50 PM Fetching 194 reads in region 17:5947126-5947627
10/04/2018 01:21:50 PM Fetching 216 reads in region 17:5951984-5952485
10/04/2018 01:21:50 PM Fetching 241 reads in region 17:5996322-5996823
10/04/2018 01:21:50 PM Fetching 201 reads in region 17:5997380-5997881
10/04/2018 01:21:50 PM Fetching 202 reads in region 17:5998118-5998619
10/04/2018 01:21:50 PM Fetching 182 reads in region 17:5999513-6000014
10/04/2018 01:21:50 PM Fetching 201 reads in region 17:6012781-6013282
10/04/2018 01:21:50 PM Fetching 217 reads in region 17:6013511-6014012
10/04/2018 01:21:50 PM Fetching 190 reads in region 17:6022420-6022921
10/04/2018 01:21:50 PM Fetching 233 reads in region 17:6026825-6027326
10/04/2018 01:21:50 PM Fetching 228 reads in region 17:6036356-6036857
10/04/2018 01:21:50 PM Fetching 191 reads in region 17:6038239-6038740
10/04/2018 01:21:50 PM Fetching 214 reads in region 17:6064561-6065062
10/04/2018 01:21:50 PM Fetching 192 reads in region 17:6065095-6065596
10/04/2018 01:21:50 PM Fetching 192 reads in region 17:6103593-6104094
10/04/2018 01:21:50 PM Fetching 220 reads in region 17:6108459-6108960
10/04/2018 01:21:50 PM Fetching 204 reads in region 17:6109777-6110278
10/04/2018 01:21:50 PM Fetching 170 reads in region 17:6111391-6111892
10/04/2018 01:21:50 PM Fetching 185 reads in region 17:6111925-6112426
10/04/2018 01:21:50 PM Fetching 207 reads in region 17:6113327-6113828
10/04/2018 01:21:50 PM Fetching 195 reads in region 17:6115151-6115652
10/04/2018 01:21:50 PM Fetching 203 reads in region 17:6115742-6116243
10/04/2018 01:21:50 PM Fetching 191 reads in region 17:6131965-6132466
10/04/2018 01:21:50 PM Fetching 205 reads in region 17:6134876-6135377
10/04/2018 01:21:50 PM Fetching 200 reads in region 17:6143688-6144189
10/04/2018 01:21:50 PM Fetching 204 reads in region 17:6146383-6146884
10/04/2018 01:21:50 PM Fetching 198 reads in region 17:6161150-6161651
10/04/2018 01:21:50 PM Fetching 219 reads in region 17:6162244-6162745
10/04/2018 01:21:50 PM Fetching 203 reads in region 17:6169042-6169543
10/04/2018 01:21:50 PM Fetching 206 reads in region 17:6169846-6170347
10/04/2018 01:21:50 PM Fetching 215 reads in region 17:6189216-6189717
